Unity Editor version:    2022.3.48f1 (8bf49c377ebf)
Branch:                  2022.3/release
Build type:              Release
Batch mode:              YES
macOS version:           Version 14.2.1 (Build 23C71)
Darwin version:          23.2.0
Architecture:            x86_64
Running under Rosetta:   NO
Available memory:        16384 MB
Using pre-set license
Pro License: YES

COMMAND LINE ARGUMENTS:
/Applications/Unity/Hub/Editor/2022.3.48f1/Unity.app/Contents/MacOS/Unity
-adb2
-batchMode
-noUpm
-name
AssetImportWorker2
-projectPath
/Users/soroush/LDocuments/University/MSc/Term 3/MR/projects/mARble-run/mARble-run
-logFile
Logs/AssetImportWorker2.log
-srvPort
57862
Successfully changed project path to: /Users/soroush/LDocuments/University/MSc/Term 3/MR/projects/mARble-run/mARble-run
/Users/soroush/LDocuments/University/MSc/Term 3/MR/projects/mARble-run/mARble-run
[UnityMemory] Configuration Parameters - Can be set up in boot.config
    "memorysetup-bucket-allocator-granularity=16"
    "memorysetup-bucket-allocator-bucket-count=8"
    "memorysetup-bucket-allocator-block-size=33554432"
    "memorysetup-bucket-allocator-block-count=8"
    "memorysetup-main-allocator-block-size=16777216"
    "memorysetup-thread-allocator-block-size=16777216"
    "memorysetup-gfx-main-allocator-block-size=16777216"
    "memorysetup-gfx-thread-allocator-block-size=16777216"
    "memorysetup-cache-allocator-block-size=4194304"
    "memorysetup-typetree-allocator-block-size=2097152"
    "memorysetup-profiler-bucket-allocator-granularity=16"
    "memorysetup-profiler-bucket-allocator-bucket-count=8"
    "memorysetup-profiler-bucket-allocator-block-size=33554432"
    "memorysetup-profiler-bucket-allocator-block-count=8"
    "memorysetup-profiler-allocator-block-size=16777216"
    "memorysetup-profiler-editor-allocator-block-size=1048576"
    "memorysetup-temp-allocator-size-main=16777216"
    "memorysetup-job-temp-allocator-block-size=2097152"
    "memorysetup-job-temp-allocator-block-size-background=1048576"
    "memorysetup-job-temp-allocator-reduction-small-platforms=262144"
    "memorysetup-allocator-temp-initial-block-size-main=262144"
    "memorysetup-allocator-temp-initial-block-size-worker=262144"
    "memorysetup-temp-allocator-size-background-worker=32768"
    "memorysetup-temp-allocator-size-job-worker=262144"
    "memorysetup-temp-allocator-size-preload-manager=33554432"
    "memorysetup-temp-allocator-size-nav-mesh-worker=65536"
    "memorysetup-temp-allocator-size-audio-worker=65536"
    "memorysetup-temp-allocator-size-cloud-worker=32768"
    "memorysetup-temp-allocator-size-gi-baking-worker=262144"
    "memorysetup-temp-allocator-size-gfx=262144"
Player connection [140704273881984]  Target information:

Player connection [140704273881984]  * "[IP] 172.17.0.53 [Port] 0 [Flags] 2 [Guid] 2998073361 [EditorId] 2998073361 [Version] 1048832 [Id] OSXEditor(0,Soroushs-MacBook-Pro.local) [Debug] 1 [PackageName] OSXEditor [ProjectName] Editor" 

Player connection [140704273881984] Host joined multi-casting on [225.0.0.222:54997]...
Player connection [140704273881984] Host joined alternative multi-casting on [225.0.0.222:34997]...
[PhysX] Initialized MultithreadedTaskDispatcher with 16 workers.
Refreshing native plugins compatible for Editor in 73.97 ms, found 14 plugins.
Preloading 0 native plugins for Editor in 0.00 ms.
Initialize engine version: 2022.3.48f1 (8bf49c377ebf)
[Subsystems] Discovering subsystems at path /Applications/Unity/Hub/Editor/2022.3.48f1/Unity.app/Contents/Resources/UnitySubsystems
[Subsystems] Discovering subsystems at path /Users/soroush/LDocuments/University/MSc/Term 3/MR/projects/mARble-run/mARble-run/Assets
GfxDevice: creating device client; threaded=0; jobified=0
Color LCD preferred device: AMD Radeon Pro 560X (high power)
Metal devices available: 2
0: AMD Radeon Pro 560X (high power)
1: Intel(R) UHD Graphics 630 (low power)
Using device AMD Radeon Pro 560X (high power)
Initializing Metal device caps: AMD Radeon Pro 560X
Initialize mono
Mono path[0] = '/Applications/Unity/Hub/Editor/2022.3.48f1/Unity.app/Contents/Managed'
Mono path[1] = '/Applications/Unity/Hub/Editor/2022.3.48f1/Unity.app/Contents/MonoBleedingEdge/lib/mono/unityjit-macos'
Mono config path = '/Applications/Unity/Hub/Editor/2022.3.48f1/Unity.app/Contents/MonoBleedingEdge/etc'
Using monoOptions --debugger-agent=transport=dt_socket,embedding=1,server=y,suspend=n,address=127.0.0.1:56143
Begin MonoManager ReloadAssembly
Registering precompiled unity dll's ...
Register platform support module: /Applications/Unity/Hub/Editor/2022.3.48f1/PlaybackEngines/WebGLSupport/UnityEditor.WebGL.Extensions.dll
Register platform support module: /Applications/Unity/Hub/Editor/2022.3.48f1/Unity.app/Contents/PlaybackEngines/MacStandaloneSupport/UnityEditor.OSXStandalone.Extensions.dll
Register platform support module: /Applications/Unity/Hub/Editor/2022.3.48f1/PlaybackEngines/AndroidPlayer/UnityEditor.Android.Extensions.dll
Registered in 0.007143 seconds.
- Loaded All Assemblies, in  0.551 seconds
Native extension for Android target not found
Android Extension - Scanning For ADB Devices 143 ms
Native extension for OSXStandalone target not found
Native extension for WebGL target not found
Mono: successfully reloaded assembly
- Finished resetting the current domain, in  0.534 seconds
Domain Reload Profiling: 1086ms
	BeginReloadAssembly (177ms)
		ExecutionOrderSort (0ms)
		DisableScriptedObjects (0ms)
		BackupInstance (0ms)
		ReleaseScriptingObjects (0ms)
		CreateAndSetChildDomain (1ms)
	RebuildCommonClasses (55ms)
	RebuildNativeTypeToScriptingClass (19ms)
	initialDomainReloadingComplete (72ms)
	LoadAllAssembliesAndSetupDomain (228ms)
		LoadAssemblies (185ms)
		RebuildTransferFunctionScriptingTraits (0ms)
		AnalyzeDomain (218ms)
			TypeCache.Refresh (215ms)
				TypeCache.ScanAssembly (196ms)
			ScanForSourceGeneratedMonoScriptInfo (0ms)
			ResolveRequiredComponents (1ms)
	FinalizeReload (535ms)
		ReleaseScriptCaches (0ms)
		RebuildScriptCaches (0ms)
		SetupLoadedEditorAssemblies (476ms)
			LogAssemblyErrors (0ms)
			InitializePlatformSupportModulesInManaged (282ms)
			SetLoadedEditorAssemblies (4ms)
			RefreshPlugins (0ms)
			BeforeProcessingInitializeOnLoad (3ms)
			ProcessInitializeOnLoadAttributes (129ms)
			ProcessInitializeOnLoadMethodAttributes (58ms)
			AfterProcessingInitializeOnLoad (0ms)
			EditorAssembliesLoaded (0ms)
		ExecutionOrderSort2 (0ms)
		AwakeInstancesAfterBackupRestoration (0ms)
========================================================================
Worker process is ready to serve import requests
Caller must complete domain reload
Begin MonoManager ReloadAssembly
- Loaded All Assemblies, in  1.602 seconds
Native extension for Android target not found
Native extension for OSXStandalone target not found
Native extension for WebGL target not found
Package Manager log level set to [2]
[Package Manager] Server::EnsureServerProcessIsRunning -- launch failed, reason: Unity was launched with the -noUpm command-line argument
[Package Manager] UpmClient::Send -- Unable to send message (not connected to UPM process).
[Package Manager] Cannot connect to Unity Package Manager local server
[Package Manager] Server::EnsureServerProcessIsRunning -- launch failed, reason: Unity was launched with the -noUpm command-line argument
[Package Manager] UpmClient::Send -- Unable to send message (not connected to UPM process).
[Package Manager] Cannot connect to Unity Package Manager local server
[Package Manager] Server::EnsureServerProcessIsRunning -- launch failed, reason: Unity was launched with the -noUpm command-line argument
[Package Manager] UpmClient::Send -- Unable to send message (not connected to UPM process).
[Package Manager] Cannot connect to Unity Package Manager local server
Mono: successfully reloaded assembly
[Package Manager] Server::EnsureServerProcessIsRunning -- launch failed, reason: Unity was launched with the -noUpm command-line argument
[Package Manager] UpmClient::Send -- Unable to send message (not connected to UPM process).
[Package Manager] Cannot connect to Unity Package Manager local server
[Package Manager] Server::EnsureServerProcessIsRunning -- launch failed, reason: Unity was launched with the -noUpm command-line argument
[Package Manager] UpmClient::Send -- Unable to send message (not connected to UPM process).
[Package Manager] Cannot connect to Unity Package Manager local server
- Finished resetting the current domain, in  1.312 seconds
Domain Reload Profiling: 2914ms
	BeginReloadAssembly (304ms)
		ExecutionOrderSort (0ms)
		DisableScriptedObjects (11ms)
		BackupInstance (0ms)
		ReleaseScriptingObjects (0ms)
		CreateAndSetChildDomain (61ms)
	RebuildCommonClasses (62ms)
	RebuildNativeTypeToScriptingClass (16ms)
	initialDomainReloadingComplete (61ms)
	LoadAllAssembliesAndSetupDomain (1158ms)
		LoadAssemblies (795ms)
		RebuildTransferFunctionScriptingTraits (0ms)
		AnalyzeDomain (515ms)
			TypeCache.Refresh (417ms)
				TypeCache.ScanAssembly (383ms)
			ScanForSourceGeneratedMonoScriptInfo (59ms)
			ResolveRequiredComponents (30ms)
	FinalizeReload (1312ms)
		ReleaseScriptCaches (0ms)
		RebuildScriptCaches (0ms)
		SetupLoadedEditorAssemblies (1000ms)
			LogAssemblyErrors (0ms)
			InitializePlatformSupportModulesInManaged (21ms)
			SetLoadedEditorAssemblies (6ms)
			RefreshPlugins (0ms)
			BeforeProcessingInitializeOnLoad (130ms)
			ProcessInitializeOnLoadAttributes (586ms)
			ProcessInitializeOnLoadMethodAttributes (254ms)
			AfterProcessingInitializeOnLoad (1ms)
			EditorAssembliesLoaded (0ms)
		ExecutionOrderSort2 (0ms)
		AwakeInstancesAfterBackupRestoration (3ms)
Launching external process: /Applications/Unity/Hub/Editor/2022.3.48f1/Unity.app/Contents/Tools/UnityShaderCompiler
Launched and connected shader compiler UnityShaderCompiler after 0.08 seconds
Refreshing native plugins compatible for Editor in 12.81 ms, found 14 plugins.
Preloading 0 native plugins for Editor in 0.00 ms.
Unloading 9218 Unused Serialized files (Serialized files now loaded: 0)
Unloading 159 unused Assets / (4.1 MB). Loaded Objects now: 9691.
Memory consumption went from 348.7 MB to 344.6 MB.
Total: 8.939068 ms (FindLiveObjects: 0.806227 ms CreateObjectMapping: 0.950639 ms MarkObjects: 5.174942 ms  DeleteObjects: 2.006065 ms)

AssetImportParameters requested are different than current active one (requested -> active):
  custom:container-demuxer-ogg: 62fdf1f143b41e24485cea50d1cbac27 -> 
  custom:container-muxer-webm: aa71ff27fc2769a1b78a27578f13a17b -> 
  custom:video-decoder-webm-vp8: 9c59270c3fd7afecdb556c50c9e8de78 -> 
  custom:SearchIndexIgnoredProperties: e643bd26f0fe6173181afceb89e7c659 -> 
  custom:AudioImporter_EditorPlatform: 3918e3fc78b5a79bad01e8451be0beb8 -> 
  custom:audio-decoder-ogg-vorbis: bf7c407c2cedff20999df2af8eb42d56 -> 
  custom:audio-encoder-webm-vorbis: bf7c407c2cedff20999df2af8eb42d56 -> 
  custom:video-decoder-ogg-theora: a1e56fd34408186e4bbccfd4996cb3dc -> 
  custom:CustomObjectIndexerAttribute: 3ead1caaecf1c488f20bcfeb224b6af5 -> 
  custom:container-demuxer-webm: 4f35f7cbe854078d1ac9338744f61a02 -> 
  custom:framework-osx-AVFoundation: e770b220cccbd017edd2c1fefb359320 -> 
  custom:video-encoder-webm-vp8: eb34c28f22e8b96e1ab97ce403110664 -> 
  custom:scripting/monoscript/fileName/HandVisualizer.cs:  -> 8c2309b1039b437800fa0aa153373d04
  custom:scripting/precompiled-assembly-types:Unity.XR.Hands.Samples.VisualizerSample:  -> 3660e5313b691893deb189c088f55533
  custom:scripting/monoscript/fileName/HandProcessor.cs:  -> bf8ea8f317f0da56bdd80564d32b67b5
========================================================================
Received Import Request.
  Time since last request: 8138.234821 seconds.
  path: Assets/MagicLeapUnityExamples/Assets/Prefabs/UISceneSelectionButton.prefab
  artifactKey: Guid(595bf53a41798c640b0eb12bcad31e51) Importer(815301076,1909f56bfc062723c751e8b465ee728b)
Start importing Assets/MagicLeapUnityExamples/Assets/Prefabs/UISceneSelectionButton.prefab using Guid(595bf53a41798c640b0eb12bcad31e51) Importer(815301076,1909f56bfc062723c751e8b465ee728b) [PhysX] Initialized MultithreadedTaskDispatcher with 16 workers.
 -> (artifact id: '110b8ec2abe88cdbf5d2e8788420096f') in 0.067849 seconds
Number of updated asset objects reloaded before import = 0
Number of asset objects unloaded after import = 15
========================================================================
Received Import Request.
  Time since last request: 11.173581 seconds.
  path: Assets/MagicLeapUnityExamples/Assets/Materials/Blue.mat
  artifactKey: Guid(7b26add94f09dc44fb811013f007a3aa) Importer(815301076,1909f56bfc062723c751e8b465ee728b)
Start importing Assets/MagicLeapUnityExamples/Assets/Materials/Blue.mat using Guid(7b26add94f09dc44fb811013f007a3aa) Importer(815301076,1909f56bfc062723c751e8b465ee728b) [PhysX] Initialized MultithreadedTaskDispatcher with 16 workers.
[PhysX] Initialized MultithreadedTaskDispatcher with 16 workers.
 -> (artifact id: '96d2c93779383cdb75518329fce82011') in 0.689138 seconds
Number of updated asset objects reloaded before import = 0
Number of asset objects unloaded after import = 20
========================================================================
Received Import Request.
  Time since last request: 16.656901 seconds.
  path: Assets/MagicLeapUnityExamples/Assets/Prefabs/Meshing
  artifactKey: Guid(55d46288b24df1546951d74fe1d4fd65) Importer(815301076,1909f56bfc062723c751e8b465ee728b)
Start importing Assets/MagicLeapUnityExamples/Assets/Prefabs/Meshing using Guid(55d46288b24df1546951d74fe1d4fd65) Importer(815301076,1909f56bfc062723c751e8b465ee728b) [PhysX] Initialized MultithreadedTaskDispatcher with 16 workers.
 -> (artifact id: 'ddb3915da511d93a55e3ec83eba679fe') in 0.000431 seconds
Number of updated asset objects reloaded before import = 0
Number of asset objects unloaded after import = 0
========================================================================
Received Import Request.
  Time since last request: 0.062824 seconds.
  path: Assets/MagicLeapUnityExamples/Assets/Prefabs/Meshing/MeshingPointCloudParticleVisualizer.prefab
  artifactKey: Guid(55f4be365c61f244393022f9e59df327) Importer(815301076,1909f56bfc062723c751e8b465ee728b)
Start importing Assets/MagicLeapUnityExamples/Assets/Prefabs/Meshing/MeshingPointCloudParticleVisualizer.prefab using Guid(55f4be365c61f244393022f9e59df327) Importer(815301076,1909f56bfc062723c751e8b465ee728b) [PhysX] Initialized MultithreadedTaskDispatcher with 16 workers.
[PhysX] Initialized MultithreadedTaskDispatcher with 16 workers.
 -> (artifact id: '2d17e4f34597d26971b870e9d91dd853') in 0.096597 seconds
Number of updated asset objects reloaded before import = 0
Number of asset objects unloaded after import = 12
========================================================================
Received Import Request.
  Time since last request: 93.150650 seconds.
  path: Assets/MagicLeapUnityExamples/Assets/Scripts/ControlExample.cs
  artifactKey: Guid(508d2073905a843aeb8ddb1324d9f15b) Importer(815301076,1909f56bfc062723c751e8b465ee728b)
Start importing Assets/MagicLeapUnityExamples/Assets/Scripts/ControlExample.cs using Guid(508d2073905a843aeb8ddb1324d9f15b) Importer(815301076,1909f56bfc062723c751e8b465ee728b) [PhysX] Initialized MultithreadedTaskDispatcher with 16 workers.
 -> (artifact id: 'fa0c62b72a0094265315f329ce79a328') in 0.000766 seconds
Number of updated asset objects reloaded before import = 0
Number of asset objects unloaded after import = 0
========================================================================
Received Import Request.
  Time since last request: 5.103468 seconds.
  path: Assets/MagicLeapUnityExamples/Assets/Scripts/FacialExpression
  artifactKey: Guid(3d4b34cee35c83f4a920be96c9e090e9) Importer(815301076,1909f56bfc062723c751e8b465ee728b)
Start importing Assets/MagicLeapUnityExamples/Assets/Scripts/FacialExpression using Guid(3d4b34cee35c83f4a920be96c9e090e9) Importer(815301076,1909f56bfc062723c751e8b465ee728b) [PhysX] Initialized MultithreadedTaskDispatcher with 16 workers.
 -> (artifact id: 'f29d63ef4e94e093aea55f91ee9234c8') in 0.000500 seconds
Number of updated asset objects reloaded before import = 0
Number of asset objects unloaded after import = 0
========================================================================
Received Import Request.
  Time since last request: 0.476362 seconds.
  path: Assets/MagicLeapUnityExamples/Assets/Scripts/GazeTrackingExample.cs
  artifactKey: Guid(3d183e76570ae8d4da7afb5a0e84a553) Importer(815301076,1909f56bfc062723c751e8b465ee728b)
Start importing Assets/MagicLeapUnityExamples/Assets/Scripts/GazeTrackingExample.cs using Guid(3d183e76570ae8d4da7afb5a0e84a553) Importer(815301076,1909f56bfc062723c751e8b465ee728b) [PhysX] Initialized MultithreadedTaskDispatcher with 16 workers.
 -> (artifact id: '54c793d6ebbc2d625eb741463d8f15ec') in 0.000521 seconds
Number of updated asset objects reloaded before import = 0
Number of asset objects unloaded after import = 0
========================================================================
Received Import Request.
  Time since last request: 1.233554 seconds.
  path: Assets/MagicLeapUnityExamples/Assets/Scripts/GlobalDimmerExample.cs
  artifactKey: Guid(9dd29c5a36c8e96429fe8366c406617a) Importer(815301076,1909f56bfc062723c751e8b465ee728b)
Start importing Assets/MagicLeapUnityExamples/Assets/Scripts/GlobalDimmerExample.cs using Guid(9dd29c5a36c8e96429fe8366c406617a) Importer(815301076,1909f56bfc062723c751e8b465ee728b) [PhysX] Initialized MultithreadedTaskDispatcher with 16 workers.
 -> (artifact id: 'e8c48fb1869d7c73c146d066ddefcbe0') in 0.000661 seconds
Number of updated asset objects reloaded before import = 0
Number of asset objects unloaded after import = 0
========================================================================
Received Import Request.
  Time since last request: 0.391891 seconds.
  path: Assets/MagicLeapUnityExamples/Assets/Scripts/MarkerTrackingExample.cs
  artifactKey: Guid(b225c0a65bd684986ad6d2b5abf14c11) Importer(815301076,1909f56bfc062723c751e8b465ee728b)
Start importing Assets/MagicLeapUnityExamples/Assets/Scripts/MarkerTrackingExample.cs using Guid(b225c0a65bd684986ad6d2b5abf14c11) Importer(815301076,1909f56bfc062723c751e8b465ee728b) [PhysX] Initialized MultithreadedTaskDispatcher with 16 workers.
 -> (artifact id: 'cf6615eb45fd865500a0dd14b8646e3f') in 0.000491 seconds
Number of updated asset objects reloaded before import = 0
Number of asset objects unloaded after import = 0
========================================================================
Received Import Request.
  Time since last request: 3.407872 seconds.
  path: Assets/MagicLeapUnityExamples/Assets/Scripts/Meshing
  artifactKey: Guid(9cd456bf5629361428938a60f61eb6d0) Importer(815301076,1909f56bfc062723c751e8b465ee728b)
Start importing Assets/MagicLeapUnityExamples/Assets/Scripts/Meshing using Guid(9cd456bf5629361428938a60f61eb6d0) Importer(815301076,1909f56bfc062723c751e8b465ee728b) [PhysX] Initialized MultithreadedTaskDispatcher with 16 workers.
 -> (artifact id: '05886f10fecaa2127da9ae86f28d1ba0') in 0.000535 seconds
Number of updated asset objects reloaded before import = 0
Number of asset objects unloaded after import = 0
========================================================================
Received Import Request.
  Time since last request: 0.723956 seconds.
  path: Assets/MagicLeapUnityExamples/Assets/Scripts/OcclusionExample.cs
  artifactKey: Guid(7cc68eac5fafe48588c5e44a8308b1c9) Importer(815301076,1909f56bfc062723c751e8b465ee728b)
Start importing Assets/MagicLeapUnityExamples/Assets/Scripts/OcclusionExample.cs using Guid(7cc68eac5fafe48588c5e44a8308b1c9) Importer(815301076,1909f56bfc062723c751e8b465ee728b) [PhysX] Initialized MultithreadedTaskDispatcher with 16 workers.
 -> (artifact id: 'e0ca92482838edc42219ee0b8c40da9c') in 0.000514 seconds
Number of updated asset objects reloaded before import = 0
Number of asset objects unloaded after import = 0
========================================================================
Received Import Request.
  Time since last request: 1.124685 seconds.
  path: Assets/MagicLeapUnityExamples/Assets/Scripts/PixelSensor
  artifactKey: Guid(1c7cf989b9fc0844d97edb4a4d63ba84) Importer(815301076,1909f56bfc062723c751e8b465ee728b)
Start importing Assets/MagicLeapUnityExamples/Assets/Scripts/PixelSensor using Guid(1c7cf989b9fc0844d97edb4a4d63ba84) Importer(815301076,1909f56bfc062723c751e8b465ee728b) [PhysX] Initialized MultithreadedTaskDispatcher with 16 workers.
 -> (artifact id: 'b2b5053372565f895f30a425a1614085') in 0.000502 seconds
Number of updated asset objects reloaded before import = 0
Number of asset objects unloaded after import = 0
========================================================================
Received Import Request.
  Time since last request: 0.373932 seconds.
  path: Assets/MagicLeapUnityExamples/Assets/Scripts/Planes
  artifactKey: Guid(06aab9e97702f7f468dd0e9f203fe79a) Importer(815301076,1909f56bfc062723c751e8b465ee728b)
Start importing Assets/MagicLeapUnityExamples/Assets/Scripts/Planes using Guid(06aab9e97702f7f468dd0e9f203fe79a) Importer(815301076,1909f56bfc062723c751e8b465ee728b) [PhysX] Initialized MultithreadedTaskDispatcher with 16 workers.
 -> (artifact id: '7386ef65ffce3ec19dd5a2aca535e3e9') in 0.000475 seconds
Number of updated asset objects reloaded before import = 0
Number of asset objects unloaded after import = 0
========================================================================
Received Import Request.
  Time since last request: 0.475555 seconds.
  path: Assets/MagicLeapUnityExamples/Assets/Scripts/SegmentedDimmerExample.cs
  artifactKey: Guid(f1e525801a81bcc4981098ccfa8d4c12) Importer(815301076,1909f56bfc062723c751e8b465ee728b)
Start importing Assets/MagicLeapUnityExamples/Assets/Scripts/SegmentedDimmerExample.cs using Guid(f1e525801a81bcc4981098ccfa8d4c12) Importer(815301076,1909f56bfc062723c751e8b465ee728b) [PhysX] Initialized MultithreadedTaskDispatcher with 16 workers.
 -> (artifact id: 'a028f4642271fef0237a9901784a1860') in 0.000601 seconds
Number of updated asset objects reloaded before import = 0
Number of asset objects unloaded after import = 0
========================================================================
Received Import Request.
  Time since last request: 26.959611 seconds.
  path: Assets/MagicLeapUnityExamples/Assets/Scripts/Utility/MagicLeapController.cs
  artifactKey: Guid(5d9fc5d6f5f384167bc6b54f97110fd7) Importer(815301076,1909f56bfc062723c751e8b465ee728b)
Start importing Assets/MagicLeapUnityExamples/Assets/Scripts/Utility/MagicLeapController.cs using Guid(5d9fc5d6f5f384167bc6b54f97110fd7) Importer(815301076,1909f56bfc062723c751e8b465ee728b) [PhysX] Initialized MultithreadedTaskDispatcher with 16 workers.
 -> (artifact id: '1a2c63baa64bf9299f83417b344e7f01') in 0.000423 seconds
Number of updated asset objects reloaded before import = 0
Number of asset objects unloaded after import = 0
========================================================================
Received Import Request.
  Time since last request: 4.532598 seconds.
  path: Assets/MagicLeapUnityExamples/Assets/Scripts/Utility/PlaceFromCamera.cs
  artifactKey: Guid(ea05a203896b48146ab21000fc478d4b) Importer(815301076,1909f56bfc062723c751e8b465ee728b)
Start importing Assets/MagicLeapUnityExamples/Assets/Scripts/Utility/PlaceFromCamera.cs using Guid(ea05a203896b48146ab21000fc478d4b) Importer(815301076,1909f56bfc062723c751e8b465ee728b) [PhysX] Initialized MultithreadedTaskDispatcher with 16 workers.
 -> (artifact id: '72fb8cc0ab311907ed07bb46de46210d') in 0.000900 seconds
Number of updated asset objects reloaded before import = 0
Number of asset objects unloaded after import = 0
========================================================================
Received Import Request.
  Time since last request: 0.692813 seconds.
  path: Assets/MagicLeapUnityExamples/Assets/Scripts/Utility/ContentDragHandler.cs
  artifactKey: Guid(f4969b0f878e3674eb106760812b2ee3) Importer(815301076,1909f56bfc062723c751e8b465ee728b)
Start importing Assets/MagicLeapUnityExamples/Assets/Scripts/Utility/ContentDragHandler.cs using Guid(f4969b0f878e3674eb106760812b2ee3) Importer(815301076,1909f56bfc062723c751e8b465ee728b) [PhysX] Initialized MultithreadedTaskDispatcher with 16 workers.
 -> (artifact id: '75c08cdbe44c22a31f5f83b34346e3a0') in 0.000457 seconds
Number of updated asset objects reloaded before import = 0
Number of asset objects unloaded after import = 0
========================================================================
Received Import Request.
  Time since last request: 1.794822 seconds.
  path: Assets/MagicLeapUnityExamples/Assets/Scripts/Utility/ContentDragController.cs
  artifactKey: Guid(5d436ae25f05643479cf72a847760289) Importer(815301076,1909f56bfc062723c751e8b465ee728b)
Start importing Assets/MagicLeapUnityExamples/Assets/Scripts/Utility/ContentDragController.cs using Guid(5d436ae25f05643479cf72a847760289) Importer(815301076,1909f56bfc062723c751e8b465ee728b) [PhysX] Initialized MultithreadedTaskDispatcher with 16 workers.
 -> (artifact id: '15316c500898a441bbff6acb5f5c3d57') in 0.000500 seconds
Number of updated asset objects reloaded before import = 0
Number of asset objects unloaded after import = 0
========================================================================
Received Prepare
Caller must complete domain reload
Begin MonoManager ReloadAssembly
- Loaded All Assemblies, in  1.191 seconds
Native extension for Android target not found
Native extension for OSXStandalone target not found
Native extension for WebGL target not found
[Package Manager] Server::EnsureServerProcessIsRunning -- launch failed, reason: Unity was launched with the -noUpm command-line argument
[Package Manager] UpmClient::Send -- Unable to send message (not connected to UPM process).
[Package Manager] Cannot connect to Unity Package Manager local server
[Package Manager] Server::EnsureServerProcessIsRunning -- launch failed, reason: Unity was launched with the -noUpm command-line argument
[Package Manager] UpmClient::Send -- Unable to send message (not connected to UPM process).
[Package Manager] Cannot connect to Unity Package Manager local server
[Package Manager] Server::EnsureServerProcessIsRunning -- launch failed, reason: Unity was launched with the -noUpm command-line argument
[Package Manager] UpmClient::Send -- Unable to send message (not connected to UPM process).
[Package Manager] Cannot connect to Unity Package Manager local server
Mono: successfully reloaded assembly
[Package Manager] Server::EnsureServerProcessIsRunning -- launch failed, reason: Unity was launched with the -noUpm command-line argument
[Package Manager] UpmClient::Send -- Unable to send message (not connected to UPM process).
[Package Manager] Cannot connect to Unity Package Manager local server
- Finished resetting the current domain, in  3.568 seconds
Domain Reload Profiling: 4760ms
	BeginReloadAssembly (343ms)
		ExecutionOrderSort (0ms)
		DisableScriptedObjects (23ms)
		BackupInstance (0ms)
		ReleaseScriptingObjects (0ms)
		CreateAndSetChildDomain (170ms)
	RebuildCommonClasses (60ms)
	RebuildNativeTypeToScriptingClass (16ms)
	initialDomainReloadingComplete (38ms)
	LoadAllAssembliesAndSetupDomain (734ms)
		LoadAssemblies (694ms)
		RebuildTransferFunctionScriptingTraits (0ms)
		AnalyzeDomain (136ms)
			TypeCache.Refresh (24ms)
				TypeCache.ScanAssembly (4ms)
			ScanForSourceGeneratedMonoScriptInfo (74ms)
			ResolveRequiredComponents (35ms)
	FinalizeReload (3569ms)
		ReleaseScriptCaches (0ms)
		RebuildScriptCaches (0ms)
		SetupLoadedEditorAssemblies (1632ms)
			LogAssemblyErrors (0ms)
			InitializePlatformSupportModulesInManaged (21ms)
			SetLoadedEditorAssemblies (11ms)
			RefreshPlugins (0ms)
			BeforeProcessingInitializeOnLoad (145ms)
			ProcessInitializeOnLoadAttributes (991ms)
			ProcessInitializeOnLoadMethodAttributes (462ms)
			AfterProcessingInitializeOnLoad (2ms)
			EditorAssembliesLoaded (1ms)
		ExecutionOrderSort2 (0ms)
		AwakeInstancesAfterBackupRestoration (26ms)
Refreshing native plugins compatible for Editor in 12.86 ms, found 14 plugins.
Preloading 0 native plugins for Editor in 0.00 ms.
Unloading 8952 Unused Serialized files (Serialized files now loaded: 0)
Unloading 141 unused Assets / (4.2 MB). Loaded Objects now: 9789.
Memory consumption went from 306.4 MB to 302.3 MB.
Total: 13.010225 ms (FindLiveObjects: 0.797760 ms CreateObjectMapping: 0.892038 ms MarkObjects: 8.233003 ms  DeleteObjects: 3.086262 ms)

Prepare: number of updated asset objects reloaded= 0
AssetImportParameters requested are different than current active one (requested -> active):
  custom:scripting/monoscript/fileName/PixelSensorVisualizer.cs: 42b0523e742f8819c9be1155ab3b62c5 -> 
  custom:container-demuxer-ogg: 62fdf1f143b41e24485cea50d1cbac27 -> 
  custom:scripting/monoscript/fileName/FacialExpressionUtil.cs: 6ec29372cfa0c339f23945ee9a97d205 -> 
  custom:scripting/monoscript/fileName/PixelSensorExample.cs: dfc11a64c01bbc9d18b12e179138f0b8 -> 
  custom:scripting/monoscript/fileName/CommandLineSceneLauncher.cs: 30415481515d81c4b7790b9ab8827035 -> 
  custom:scripting/monoscript/fileName/ControlExample.cs: d8c3f3d39d2e5fc18a248eabcf748599 -> 
  custom:scripting/monoscript/fileName/UIButtonGroup.cs: 6d62282ba8860632d7c5a16b3008332a -> 
  custom:scripting/monoscript/fileName/ContentDragHandler.cs: ba6d2310b5f5e7ba7603c0885975c291 -> 
  custom:scripting/monoscript/fileName/GazeTrackingExample.cs: e2b689cb3bbb291355e59ade8156e996 -> 
  custom:scripting/monoscript/fileName/SegmentedDimmerExample.cs: 7c5ac22cdd7be263c5db1bb3f5dbd2a3 -> 
  custom:scripting/monoscript/fileName/UIScrollView.cs: 3c1f84d733578405f3052a2dac3bdd2a -> 
  custom:scripting/monoscript/fileName/SpatialAnchorsExample.cs: 5a25a227e25545db6efc440f86b7051d -> 
  custom:scripting/monoscript/fileName/MarkerVisualizer.cs: 3b2fede1cd4fd4bc7898e53924e2ce5a -> 
  custom:container-muxer-webm: aa71ff27fc2769a1b78a27578f13a17b -> 
  custom:video-decoder-webm-vp8: 9c59270c3fd7afecdb556c50c9e8de78 -> 
  custom:scripting/monoscript/fileName/Ruler.cs: 6e7291e619502eb492fe8f9aa524fb2c -> 
  custom:scripting/monoscript/fileName/UISceneSelectionButton.cs: 3d5e9bf865b3ac046371a86d8859a452 -> 
  custom:scripting/monoscript/fileName/ContentDragController.cs: b2cb436e9e5254f567c3d25d8ff5f93a -> 
  custom:SearchIndexIgnoredProperties: e643bd26f0fe6173181afceb89e7c659 -> 
  custom:AudioImporter_EditorPlatform: 3918e3fc78b5a79bad01e8451be0beb8 -> 
  custom:audio-decoder-ogg-vorbis: bf7c407c2cedff20999df2af8eb42d56 -> 
  custom:audio-encoder-webm-vorbis: bf7c407c2cedff20999df2af8eb42d56 -> 
  custom:scripting/monoscript/fileName/FacialExpressionExample.cs: 9dbe612ca2a60781affe022b586dccb1 -> 
  custom:scripting/precompiled-assembly-types:Assembly-CSharp: d114cf0f0e7ef4cf404fec1ee4c14e7d -> 8de3776496ef3640e6580dbd075258ff
  custom:scripting/monoscript/fileName/UIButton.cs: 2aaa69d01d0e3e112077ba777a492680 -> 
  custom:scripting/monoscript/fileName/GazeVisualizer.cs: e96fbe337c7d3e467cf4f906d7c99422 -> 
  custom:video-decoder-ogg-theora: a1e56fd34408186e4bbccfd4996cb3dc -> 
  custom:scripting/monoscript/fileName/PixelSensorVisualizers.cs: 33d120d81a5c602bea8ae5f449ecb370 -> 
  custom:scripting/monoscript/fileName/Utils.cs: 3fb65dfeabc19f5c2ae3c90bc6524d81 -> 497aca347f84798b7d5c2c55f0485ff5
  custom:CustomObjectIndexerAttribute: 3ead1caaecf1c488f20bcfeb224b6af5 -> 
  custom:scripting/monoscript/fileName/OcclusionExample.cs: c78216723b14d2e19ea02c64237db868 -> 
  custom:container-demuxer-webm: 4f35f7cbe854078d1ac9338744f61a02 -> 
  custom:scripting/monoscript/fileName/PinchGesture.cs: 7d5e173b279a221862e98effbe7c787e -> bd87c2706e999d6273c69ae4b74bfadc
  custom:scripting/monoscript/fileName/UIToggleButton.cs: 5095e016af486f645413da1a642e1426 -> 
  custom:scripting/monoscript/fileName/UserCalibrationExample.cs: 7293b40631adefa9cfce57b2bd84b42e -> 
  custom:scripting/monoscript/fileName/UserInterface.cs: c404b84a87fab6b92cbf30ec1ddf2354 -> 
  custom:scripting/monoscript/fileName/PlanePrefabExample.cs: 128ce1a6ebbac3de45205237b1ae67f9 -> 
  custom:scripting/monoscript/fileName/MeshingExample.cs: 7224f15a0afdd45fbee0549b127fcb6b -> 
  custom:scripting/monoscript/fileName/PlaneExample.cs: 74abc8c330aaa416622d3a94bb5c798c -> 
  custom:scripting/monoscript/fileName/PlaceFromCamera.cs: 9ebff91b7bcaa680ce9cad2d11109a66 -> 
  custom:framework-osx-AVFoundation: e770b220cccbd017edd2c1fefb359320 -> 
  custom:scripting/monoscript/fileName/GlobalDimmerExample.cs: 39dd0fc1ce726460c8763e5ed16342ad -> 
  custom:video-encoder-webm-vp8: eb34c28f22e8b96e1ab97ce403110664 -> 
  custom:scripting/monoscript/fileName/MarkerTrackingExample.cs: 7948a61d87c3d7f61665011ebfb69c65 -> 
  custom:scripting/monoscript/fileName/MeshingProjectile.cs: 86f7d4d3fc7b98dfb61141d40b8b94d2 -> 
  custom:scripting/monoscript/fileName/MeshTexturedWireframeAdapter.cs: 0c637dab126db5f63e7fbed79d0717f9 -> 
========================================================================
Received Prepare
Refreshing native plugins compatible for Editor in 32.24 ms, found 14 plugins.
Preloading 0 native plugins for Editor in 0.00 ms.
Unloading 23 Unused Serialized files (Serialized files now loaded: 0)
Unloading 23 unused Assets / (4.1 MB). Loaded Objects now: 9789.
Memory consumption went from 164.6 MB to 160.5 MB.
Total: 11.692081 ms (FindLiveObjects: 0.691093 ms CreateObjectMapping: 0.719267 ms MarkObjects: 8.352304 ms  DeleteObjects: 1.928506 ms)

Prepare: number of updated asset objects reloaded= 0
AssetImportParameters requested are different than current active one (requested -> active):
  custom:scripting/monoscript/fileName/PixelSensorVisualizer.cs: 42b0523e742f8819c9be1155ab3b62c5 -> 
  custom:container-demuxer-ogg: 62fdf1f143b41e24485cea50d1cbac27 -> 
  custom:scripting/monoscript/fileName/FacialExpressionUtil.cs: 6ec29372cfa0c339f23945ee9a97d205 -> 
  custom:scripting/monoscript/fileName/PixelSensorExample.cs: dfc11a64c01bbc9d18b12e179138f0b8 -> 
  custom:scripting/monoscript/fileName/CommandLineSceneLauncher.cs: 30415481515d81c4b7790b9ab8827035 -> 
  custom:scripting/monoscript/fileName/ControlExample.cs: d8c3f3d39d2e5fc18a248eabcf748599 -> 
  custom:scripting/monoscript/fileName/UIButtonGroup.cs: 6d62282ba8860632d7c5a16b3008332a -> 
  custom:scripting/monoscript/fileName/ContentDragHandler.cs: ba6d2310b5f5e7ba7603c0885975c291 -> 
  custom:scripting/monoscript/fileName/GazeTrackingExample.cs: e2b689cb3bbb291355e59ade8156e996 -> 
  custom:scripting/monoscript/fileName/SegmentedDimmerExample.cs: 7c5ac22cdd7be263c5db1bb3f5dbd2a3 -> 
  custom:scripting/monoscript/fileName/UIScrollView.cs: 3c1f84d733578405f3052a2dac3bdd2a -> 
  custom:scripting/monoscript/fileName/SpatialAnchorsExample.cs: 5a25a227e25545db6efc440f86b7051d -> 
  custom:scripting/monoscript/fileName/MarkerVisualizer.cs: 3b2fede1cd4fd4bc7898e53924e2ce5a -> 
  custom:container-muxer-webm: aa71ff27fc2769a1b78a27578f13a17b -> 
  custom:video-decoder-webm-vp8: 9c59270c3fd7afecdb556c50c9e8de78 -> 
  custom:scripting/monoscript/fileName/Ruler.cs: 6e7291e619502eb492fe8f9aa524fb2c -> 
  custom:scripting/monoscript/fileName/UISceneSelectionButton.cs: 3d5e9bf865b3ac046371a86d8859a452 -> 
  custom:scripting/monoscript/fileName/ContentDragController.cs: b2cb436e9e5254f567c3d25d8ff5f93a -> 
  custom:SearchIndexIgnoredProperties: e643bd26f0fe6173181afceb89e7c659 -> 
  custom:AudioImporter_EditorPlatform: 3918e3fc78b5a79bad01e8451be0beb8 -> 
  custom:audio-decoder-ogg-vorbis: bf7c407c2cedff20999df2af8eb42d56 -> 
  custom:audio-encoder-webm-vorbis: bf7c407c2cedff20999df2af8eb42d56 -> 
  custom:scripting/monoscript/fileName/FacialExpressionExample.cs: 9dbe612ca2a60781affe022b586dccb1 -> 
  custom:scripting/precompiled-assembly-types:Assembly-CSharp: d114cf0f0e7ef4cf404fec1ee4c14e7d -> 8de3776496ef3640e6580dbd075258ff
  custom:scripting/monoscript/fileName/UIButton.cs: 2aaa69d01d0e3e112077ba777a492680 -> 
  custom:scripting/monoscript/fileName/GazeVisualizer.cs: e96fbe337c7d3e467cf4f906d7c99422 -> 
  custom:video-decoder-ogg-theora: a1e56fd34408186e4bbccfd4996cb3dc -> 
  custom:scripting/monoscript/fileName/PixelSensorVisualizers.cs: 33d120d81a5c602bea8ae5f449ecb370 -> 
  custom:scripting/monoscript/fileName/Utils.cs: 3fb65dfeabc19f5c2ae3c90bc6524d81 -> 497aca347f84798b7d5c2c55f0485ff5
  custom:CustomObjectIndexerAttribute: 3ead1caaecf1c488f20bcfeb224b6af5 -> 
  custom:scripting/monoscript/fileName/OcclusionExample.cs: c78216723b14d2e19ea02c64237db868 -> 
  custom:container-demuxer-webm: 4f35f7cbe854078d1ac9338744f61a02 -> 
  custom:scripting/monoscript/fileName/PinchGesture.cs: 7d5e173b279a221862e98effbe7c787e -> bd87c2706e999d6273c69ae4b74bfadc
  custom:scripting/monoscript/fileName/UIToggleButton.cs: 5095e016af486f645413da1a642e1426 -> 
  custom:scripting/monoscript/fileName/UserCalibrationExample.cs: 7293b40631adefa9cfce57b2bd84b42e -> 
  custom:scripting/monoscript/fileName/UserInterface.cs: c404b84a87fab6b92cbf30ec1ddf2354 -> 
  custom:scripting/monoscript/fileName/PlanePrefabExample.cs: 128ce1a6ebbac3de45205237b1ae67f9 -> 
  custom:scripting/monoscript/fileName/MeshingExample.cs: 7224f15a0afdd45fbee0549b127fcb6b -> 
  custom:scripting/monoscript/fileName/PlaneExample.cs: 74abc8c330aaa416622d3a94bb5c798c -> 
  custom:scripting/monoscript/fileName/PlaceFromCamera.cs: 9ebff91b7bcaa680ce9cad2d11109a66 -> 
  custom:framework-osx-AVFoundation: e770b220cccbd017edd2c1fefb359320 -> 
  custom:scripting/monoscript/fileName/GlobalDimmerExample.cs: 39dd0fc1ce726460c8763e5ed16342ad -> 
  custom:video-encoder-webm-vp8: eb34c28f22e8b96e1ab97ce403110664 -> 
  custom:scripting/monoscript/fileName/MarkerTrackingExample.cs: 7948a61d87c3d7f61665011ebfb69c65 -> 
  custom:scripting/monoscript/fileName/MeshingProjectile.cs: 86f7d4d3fc7b98dfb61141d40b8b94d2 -> 
  custom:scripting/monoscript/fileName/MeshTexturedWireframeAdapter.cs: 0c637dab126db5f63e7fbed79d0717f9 -> 
========================================================================
Received Prepare
Refreshing native plugins compatible for Editor in 13.76 ms, found 14 plugins.
Preloading 0 native plugins for Editor in 0.00 ms.
Unloading 23 Unused Serialized files (Serialized files now loaded: 0)
Unloading 23 unused Assets / (4.1 MB). Loaded Objects now: 9789.
Memory consumption went from 161.4 MB to 157.3 MB.
Total: 54.930556 ms (FindLiveObjects: 1.542260 ms CreateObjectMapping: 0.855725 ms MarkObjects: 50.163501 ms  DeleteObjects: 2.367911 ms)

Prepare: number of updated asset objects reloaded= 0
AssetImportParameters requested are different than current active one (requested -> active):
  custom:scripting/monoscript/fileName/PixelSensorVisualizer.cs: 42b0523e742f8819c9be1155ab3b62c5 -> 
  custom:container-demuxer-ogg: 62fdf1f143b41e24485cea50d1cbac27 -> 
  custom:scripting/monoscript/fileName/FacialExpressionUtil.cs: 6ec29372cfa0c339f23945ee9a97d205 -> 
  custom:scripting/monoscript/fileName/PixelSensorExample.cs: dfc11a64c01bbc9d18b12e179138f0b8 -> 
  custom:scripting/monoscript/fileName/CommandLineSceneLauncher.cs: 30415481515d81c4b7790b9ab8827035 -> 
  custom:scripting/monoscript/fileName/ControlExample.cs: d8c3f3d39d2e5fc18a248eabcf748599 -> 
  custom:scripting/monoscript/fileName/UIButtonGroup.cs: 6d62282ba8860632d7c5a16b3008332a -> 
  custom:scripting/monoscript/fileName/ContentDragHandler.cs: ba6d2310b5f5e7ba7603c0885975c291 -> 
  custom:scripting/monoscript/fileName/GazeTrackingExample.cs: e2b689cb3bbb291355e59ade8156e996 -> 
  custom:scripting/monoscript/fileName/SegmentedDimmerExample.cs: 7c5ac22cdd7be263c5db1bb3f5dbd2a3 -> 
  custom:scripting/monoscript/fileName/UIScrollView.cs: 3c1f84d733578405f3052a2dac3bdd2a -> 
  custom:scripting/monoscript/fileName/SpatialAnchorsExample.cs: 5a25a227e25545db6efc440f86b7051d -> 
  custom:scripting/monoscript/fileName/MarkerVisualizer.cs: 3b2fede1cd4fd4bc7898e53924e2ce5a -> 
  custom:container-muxer-webm: aa71ff27fc2769a1b78a27578f13a17b -> 
  custom:video-decoder-webm-vp8: 9c59270c3fd7afecdb556c50c9e8de78 -> 
  custom:scripting/monoscript/fileName/Ruler.cs: 6e7291e619502eb492fe8f9aa524fb2c -> 
  custom:scripting/monoscript/fileName/UISceneSelectionButton.cs: 3d5e9bf865b3ac046371a86d8859a452 -> 
  custom:scripting/monoscript/fileName/ContentDragController.cs: b2cb436e9e5254f567c3d25d8ff5f93a -> 
  custom:SearchIndexIgnoredProperties: e643bd26f0fe6173181afceb89e7c659 -> 
  custom:AudioImporter_EditorPlatform: 3918e3fc78b5a79bad01e8451be0beb8 -> 
  custom:audio-decoder-ogg-vorbis: bf7c407c2cedff20999df2af8eb42d56 -> 
  custom:audio-encoder-webm-vorbis: bf7c407c2cedff20999df2af8eb42d56 -> 
  custom:scripting/monoscript/fileName/FacialExpressionExample.cs: 9dbe612ca2a60781affe022b586dccb1 -> 
  custom:scripting/precompiled-assembly-types:Assembly-CSharp: d114cf0f0e7ef4cf404fec1ee4c14e7d -> 8de3776496ef3640e6580dbd075258ff
  custom:scripting/monoscript/fileName/UIButton.cs: 2aaa69d01d0e3e112077ba777a492680 -> 
  custom:scripting/monoscript/fileName/GazeVisualizer.cs: e96fbe337c7d3e467cf4f906d7c99422 -> 
  custom:video-decoder-ogg-theora: a1e56fd34408186e4bbccfd4996cb3dc -> 
  custom:scripting/monoscript/fileName/PixelSensorVisualizers.cs: 33d120d81a5c602bea8ae5f449ecb370 -> 
  custom:scripting/monoscript/fileName/Utils.cs: 3fb65dfeabc19f5c2ae3c90bc6524d81 -> 497aca347f84798b7d5c2c55f0485ff5
  custom:CustomObjectIndexerAttribute: 3ead1caaecf1c488f20bcfeb224b6af5 -> 
  custom:scripting/monoscript/fileName/OcclusionExample.cs: c78216723b14d2e19ea02c64237db868 -> 
  custom:container-demuxer-webm: 4f35f7cbe854078d1ac9338744f61a02 -> 
  custom:scripting/monoscript/fileName/PinchGesture.cs: 7d5e173b279a221862e98effbe7c787e -> bd87c2706e999d6273c69ae4b74bfadc
  custom:scripting/monoscript/fileName/UIToggleButton.cs: 5095e016af486f645413da1a642e1426 -> 
  custom:scripting/monoscript/fileName/UserCalibrationExample.cs: 7293b40631adefa9cfce57b2bd84b42e -> 
  custom:scripting/monoscript/fileName/UserInterface.cs: c404b84a87fab6b92cbf30ec1ddf2354 -> 
  custom:scripting/monoscript/fileName/PlanePrefabExample.cs: 128ce1a6ebbac3de45205237b1ae67f9 -> 
  custom:scripting/monoscript/fileName/MeshingExample.cs: 7224f15a0afdd45fbee0549b127fcb6b -> 
  custom:scripting/monoscript/fileName/PlaneExample.cs: 74abc8c330aaa416622d3a94bb5c798c -> 
  custom:scripting/monoscript/fileName/PlaceFromCamera.cs: 9ebff91b7bcaa680ce9cad2d11109a66 -> 
  custom:framework-osx-AVFoundation: e770b220cccbd017edd2c1fefb359320 -> 
  custom:scripting/monoscript/fileName/GlobalDimmerExample.cs: 39dd0fc1ce726460c8763e5ed16342ad -> 
  custom:video-encoder-webm-vp8: eb34c28f22e8b96e1ab97ce403110664 -> 
  custom:scripting/monoscript/fileName/MarkerTrackingExample.cs: 7948a61d87c3d7f61665011ebfb69c65 -> 
  custom:scripting/monoscript/fileName/MeshingProjectile.cs: 86f7d4d3fc7b98dfb61141d40b8b94d2 -> 
  custom:scripting/monoscript/fileName/MeshTexturedWireframeAdapter.cs: 0c637dab126db5f63e7fbed79d0717f9 -> 
========================================================================
Received Import Request.
  Time since last request: 560.292072 seconds.
  path: Assets/MagicLeapUnityExamples/Assets/Prefabs/Meshing/MeshingProjectilePrefab.prefab
  artifactKey: Guid(9a5b77526e8df654ea026f9a8629c9eb) Importer(815301076,1909f56bfc062723c751e8b465ee728b)
Start importing Assets/MagicLeapUnityExamples/Assets/Prefabs/Meshing/MeshingProjectilePrefab.prefab using Guid(9a5b77526e8df654ea026f9a8629c9eb) Importer(815301076,1909f56bfc062723c751e8b465ee728b) [PhysX] Initialized MultithreadedTaskDispatcher with 16 workers.
[PhysX] Initialized MultithreadedTaskDispatcher with 16 workers.
 -> (artifact id: '8f844e2e1ca6ba114eaa19f56448e112') in 0.835368 seconds
Number of updated asset objects reloaded before import = 0
Number of asset objects unloaded after import = 29
========================================================================
Received Import Request.
  Time since last request: 0.058877 seconds.
  path: Assets/MagicLeapUnityExamples/Assets/Prefabs/MarkerVisual.prefab
  artifactKey: Guid(ffb0617eb9f05403a952117cd34840b2) Importer(815301076,1909f56bfc062723c751e8b465ee728b)
Start importing Assets/MagicLeapUnityExamples/Assets/Prefabs/MarkerVisual.prefab using Guid(ffb0617eb9f05403a952117cd34840b2) Importer(815301076,1909f56bfc062723c751e8b465ee728b) [PhysX] Initialized MultithreadedTaskDispatcher with 16 workers.
[PhysX] Initialized MultithreadedTaskDispatcher with 16 workers.
 -> (artifact id: '3a4ae24b24f8e884373ad925c593ad0b') in 0.649538 seconds
Number of updated asset objects reloaded before import = 0
Number of asset objects unloaded after import = 62
========================================================================
Received Prepare
Caller must complete domain reload
Begin MonoManager ReloadAssembly
- Loaded All Assemblies, in  1.528 seconds
Native extension for Android target not found
Native extension for OSXStandalone target not found
Native extension for WebGL target not found
[Package Manager] Server::EnsureServerProcessIsRunning -- launch failed, reason: Unity was launched with the -noUpm command-line argument
[Package Manager] UpmClient::Send -- Unable to send message (not connected to UPM process).
[Package Manager] Cannot connect to Unity Package Manager local server
[Package Manager] Server::EnsureServerProcessIsRunning -- launch failed, reason: Unity was launched with the -noUpm command-line argument
[Package Manager] UpmClient::Send -- Unable to send message (not connected to UPM process).
[Package Manager] Cannot connect to Unity Package Manager local server
[Package Manager] Server::EnsureServerProcessIsRunning -- launch failed, reason: Unity was launched with the -noUpm command-line argument
[Package Manager] UpmClient::Send -- Unable to send message (not connected to UPM process).
[Package Manager] Cannot connect to Unity Package Manager local server
Mono: successfully reloaded assembly
[Package Manager] Server::EnsureServerProcessIsRunning -- launch failed, reason: Unity was launched with the -noUpm command-line argument
[Package Manager] UpmClient::Send -- Unable to send message (not connected to UPM process).
[Package Manager] Cannot connect to Unity Package Manager local server
- Finished resetting the current domain, in  2.241 seconds
Domain Reload Profiling: 3771ms
	BeginReloadAssembly (494ms)
		ExecutionOrderSort (0ms)
		DisableScriptedObjects (18ms)
		BackupInstance (0ms)
		ReleaseScriptingObjects (1ms)
		CreateAndSetChildDomain (242ms)
	RebuildCommonClasses (57ms)
	RebuildNativeTypeToScriptingClass (18ms)
	initialDomainReloadingComplete (42ms)
	LoadAllAssembliesAndSetupDomain (919ms)
		LoadAssemblies (1015ms)
		RebuildTransferFunctionScriptingTraits (0ms)
		AnalyzeDomain (57ms)
			TypeCache.Refresh (11ms)
				TypeCache.ScanAssembly (0ms)
			ScanForSourceGeneratedMonoScriptInfo (0ms)
			ResolveRequiredComponents (42ms)
	FinalizeReload (2242ms)
		ReleaseScriptCaches (0ms)
		RebuildScriptCaches (0ms)
		SetupLoadedEditorAssemblies (1171ms)
			LogAssemblyErrors (0ms)
			InitializePlatformSupportModulesInManaged (24ms)
			SetLoadedEditorAssemblies (14ms)
			RefreshPlugins (0ms)
			BeforeProcessingInitializeOnLoad (159ms)
			ProcessInitializeOnLoadAttributes (732ms)
			ProcessInitializeOnLoadMethodAttributes (241ms)
			AfterProcessingInitializeOnLoad (1ms)
			EditorAssembliesLoaded (1ms)
		ExecutionOrderSort2 (0ms)
		AwakeInstancesAfterBackupRestoration (22ms)
Refreshing native plugins compatible for Editor in 15.29 ms, found 14 plugins.
Preloading 0 native plugins for Editor in 0.00 ms.
Unloading 8952 Unused Serialized files (Serialized files now loaded: 0)
Unloading 138 unused Assets / (4.1 MB). Loaded Objects now: 9849.
Memory consumption went from 310.4 MB to 306.3 MB.
Total: 11.243811 ms (FindLiveObjects: 0.850484 ms CreateObjectMapping: 1.029268 ms MarkObjects: 6.543535 ms  DeleteObjects: 2.819495 ms)

Prepare: number of updated asset objects reloaded= 0
AssetImportParameters requested are different than current active one (requested -> active):
  custom:scripting/monoscript/fileName/PixelSensorVisualizer.cs: 42b0523e742f8819c9be1155ab3b62c5 -> 
  custom:container-demuxer-ogg: 62fdf1f143b41e24485cea50d1cbac27 -> 
  custom:scripting/monoscript/fileName/FacialExpressionUtil.cs: 6ec29372cfa0c339f23945ee9a97d205 -> 
  custom:scripting/monoscript/fileName/PixelSensorExample.cs: dfc11a64c01bbc9d18b12e179138f0b8 -> 
  custom:scripting/monoscript/fileName/CommandLineSceneLauncher.cs: 30415481515d81c4b7790b9ab8827035 -> 
  custom:scripting/monoscript/fileName/ControlExample.cs: d8c3f3d39d2e5fc18a248eabcf748599 -> 
  custom:scripting/monoscript/fileName/UIButtonGroup.cs: 6d62282ba8860632d7c5a16b3008332a -> 
  custom:scripting/monoscript/fileName/ContentDragHandler.cs: ba6d2310b5f5e7ba7603c0885975c291 -> 
  custom:scripting/monoscript/fileName/GazeTrackingExample.cs: e2b689cb3bbb291355e59ade8156e996 -> 
  custom:scripting/monoscript/fileName/SegmentedDimmerExample.cs: 7c5ac22cdd7be263c5db1bb3f5dbd2a3 -> 
  custom:scripting/monoscript/fileName/UIScrollView.cs: 3c1f84d733578405f3052a2dac3bdd2a -> 
  custom:scripting/monoscript/fileName/SpatialAnchorsExample.cs: 5a25a227e25545db6efc440f86b7051d -> 
  custom:scripting/monoscript/fileName/MarkerVisualizer.cs: 3b2fede1cd4fd4bc7898e53924e2ce5a -> 
  custom:container-muxer-webm: aa71ff27fc2769a1b78a27578f13a17b -> 
  custom:video-decoder-webm-vp8: 9c59270c3fd7afecdb556c50c9e8de78 -> 
  custom:scripting/monoscript/fileName/Ruler.cs: 6e7291e619502eb492fe8f9aa524fb2c -> 
  custom:scripting/monoscript/fileName/UISceneSelectionButton.cs: 3d5e9bf865b3ac046371a86d8859a452 -> 
  custom:scripting/monoscript/fileName/ContentDragController.cs: b2cb436e9e5254f567c3d25d8ff5f93a -> 
  custom:SearchIndexIgnoredProperties: e643bd26f0fe6173181afceb89e7c659 -> 
  custom:AudioImporter_EditorPlatform: 3918e3fc78b5a79bad01e8451be0beb8 -> 
  custom:audio-decoder-ogg-vorbis: bf7c407c2cedff20999df2af8eb42d56 -> 
  custom:audio-encoder-webm-vorbis: bf7c407c2cedff20999df2af8eb42d56 -> 
  custom:scripting/monoscript/fileName/FacialExpressionExample.cs: 9dbe612ca2a60781affe022b586dccb1 -> 
  custom:scripting/precompiled-assembly-types:Assembly-CSharp: d114cf0f0e7ef4cf404fec1ee4c14e7d -> 8de3776496ef3640e6580dbd075258ff
  custom:scripting/monoscript/fileName/UIButton.cs: 2aaa69d01d0e3e112077ba777a492680 -> 
  custom:scripting/monoscript/fileName/GazeVisualizer.cs: e96fbe337c7d3e467cf4f906d7c99422 -> 
  custom:video-decoder-ogg-theora: a1e56fd34408186e4bbccfd4996cb3dc -> 
  custom:scripting/monoscript/fileName/PixelSensorVisualizers.cs: 33d120d81a5c602bea8ae5f449ecb370 -> 
  custom:scripting/monoscript/fileName/Utils.cs: 3fb65dfeabc19f5c2ae3c90bc6524d81 -> 497aca347f84798b7d5c2c55f0485ff5
  custom:CustomObjectIndexerAttribute: 3ead1caaecf1c488f20bcfeb224b6af5 -> 
  custom:scripting/monoscript/fileName/OcclusionExample.cs: c78216723b14d2e19ea02c64237db868 -> 
  custom:container-demuxer-webm: 4f35f7cbe854078d1ac9338744f61a02 -> 
  custom:scripting/monoscript/fileName/PinchGesture.cs: 7d5e173b279a221862e98effbe7c787e -> bd87c2706e999d6273c69ae4b74bfadc
  custom:scripting/monoscript/fileName/UIToggleButton.cs: 5095e016af486f645413da1a642e1426 -> 
  custom:scripting/monoscript/fileName/UserCalibrationExample.cs: 7293b40631adefa9cfce57b2bd84b42e -> 
  custom:scripting/monoscript/fileName/UserInterface.cs: c404b84a87fab6b92cbf30ec1ddf2354 -> 
  custom:scripting/monoscript/fileName/PlanePrefabExample.cs: 128ce1a6ebbac3de45205237b1ae67f9 -> 
  custom:scripting/monoscript/fileName/MeshingExample.cs: 7224f15a0afdd45fbee0549b127fcb6b -> 
  custom:scripting/monoscript/fileName/PlaneExample.cs: 74abc8c330aaa416622d3a94bb5c798c -> 
  custom:scripting/monoscript/fileName/PlaceFromCamera.cs: 9ebff91b7bcaa680ce9cad2d11109a66 -> 
  custom:framework-osx-AVFoundation: e770b220cccbd017edd2c1fefb359320 -> 
  custom:scripting/monoscript/fileName/GlobalDimmerExample.cs: 39dd0fc1ce726460c8763e5ed16342ad -> 
  custom:video-encoder-webm-vp8: eb34c28f22e8b96e1ab97ce403110664 -> 
  custom:scripting/monoscript/fileName/MarkerTrackingExample.cs: 7948a61d87c3d7f61665011ebfb69c65 -> 
  custom:scripting/monoscript/fileName/MeshingProjectile.cs: 86f7d4d3fc7b98dfb61141d40b8b94d2 -> 
  custom:scripting/monoscript/fileName/MeshTexturedWireframeAdapter.cs: 0c637dab126db5f63e7fbed79d0717f9 -> 
========================================================================
Received Prepare
Refreshing native plugins compatible for Editor in 10.57 ms, found 14 plugins.
Preloading 0 native plugins for Editor in 0.00 ms.
Unloading 23 Unused Serialized files (Serialized files now loaded: 0)
Unloading 23 unused Assets / (4.2 MB). Loaded Objects now: 9849.
Memory consumption went from 168.6 MB to 164.5 MB.
Total: 8.240468 ms (FindLiveObjects: 0.739081 ms CreateObjectMapping: 0.822254 ms MarkObjects: 4.757998 ms  DeleteObjects: 1.920138 ms)

Prepare: number of updated asset objects reloaded= 0
AssetImportParameters requested are different than current active one (requested -> active):
  custom:scripting/monoscript/fileName/PixelSensorVisualizer.cs: 42b0523e742f8819c9be1155ab3b62c5 -> 
  custom:container-demuxer-ogg: 62fdf1f143b41e24485cea50d1cbac27 -> 
  custom:scripting/monoscript/fileName/FacialExpressionUtil.cs: 6ec29372cfa0c339f23945ee9a97d205 -> 
  custom:scripting/monoscript/fileName/PixelSensorExample.cs: dfc11a64c01bbc9d18b12e179138f0b8 -> 
  custom:scripting/monoscript/fileName/CommandLineSceneLauncher.cs: 30415481515d81c4b7790b9ab8827035 -> 
  custom:scripting/monoscript/fileName/ControlExample.cs: d8c3f3d39d2e5fc18a248eabcf748599 -> 
  custom:scripting/monoscript/fileName/UIButtonGroup.cs: 6d62282ba8860632d7c5a16b3008332a -> 
  custom:scripting/monoscript/fileName/ContentDragHandler.cs: ba6d2310b5f5e7ba7603c0885975c291 -> 
  custom:scripting/monoscript/fileName/GazeTrackingExample.cs: e2b689cb3bbb291355e59ade8156e996 -> 
  custom:scripting/monoscript/fileName/SegmentedDimmerExample.cs: 7c5ac22cdd7be263c5db1bb3f5dbd2a3 -> 
  custom:scripting/monoscript/fileName/UIScrollView.cs: 3c1f84d733578405f3052a2dac3bdd2a -> 
  custom:scripting/monoscript/fileName/SpatialAnchorsExample.cs: 5a25a227e25545db6efc440f86b7051d -> 
  custom:scripting/monoscript/fileName/MarkerVisualizer.cs: 3b2fede1cd4fd4bc7898e53924e2ce5a -> 
  custom:container-muxer-webm: aa71ff27fc2769a1b78a27578f13a17b -> 
  custom:video-decoder-webm-vp8: 9c59270c3fd7afecdb556c50c9e8de78 -> 
  custom:scripting/monoscript/fileName/Ruler.cs: 6e7291e619502eb492fe8f9aa524fb2c -> 
  custom:scripting/monoscript/fileName/UISceneSelectionButton.cs: 3d5e9bf865b3ac046371a86d8859a452 -> 
  custom:scripting/monoscript/fileName/ContentDragController.cs: b2cb436e9e5254f567c3d25d8ff5f93a -> 
  custom:SearchIndexIgnoredProperties: e643bd26f0fe6173181afceb89e7c659 -> 
  custom:AudioImporter_EditorPlatform: 3918e3fc78b5a79bad01e8451be0beb8 -> 
  custom:audio-decoder-ogg-vorbis: bf7c407c2cedff20999df2af8eb42d56 -> 
  custom:audio-encoder-webm-vorbis: bf7c407c2cedff20999df2af8eb42d56 -> 
  custom:scripting/monoscript/fileName/FacialExpressionExample.cs: 9dbe612ca2a60781affe022b586dccb1 -> 
  custom:scripting/precompiled-assembly-types:Assembly-CSharp: d114cf0f0e7ef4cf404fec1ee4c14e7d -> 8de3776496ef3640e6580dbd075258ff
  custom:scripting/monoscript/fileName/UIButton.cs: 2aaa69d01d0e3e112077ba777a492680 -> 
  custom:scripting/monoscript/fileName/GazeVisualizer.cs: e96fbe337c7d3e467cf4f906d7c99422 -> 
  custom:video-decoder-ogg-theora: a1e56fd34408186e4bbccfd4996cb3dc -> 
  custom:scripting/monoscript/fileName/PixelSensorVisualizers.cs: 33d120d81a5c602bea8ae5f449ecb370 -> 
  custom:scripting/monoscript/fileName/Utils.cs: 3fb65dfeabc19f5c2ae3c90bc6524d81 -> 497aca347f84798b7d5c2c55f0485ff5
  custom:CustomObjectIndexerAttribute: 3ead1caaecf1c488f20bcfeb224b6af5 -> 
  custom:scripting/monoscript/fileName/OcclusionExample.cs: c78216723b14d2e19ea02c64237db868 -> 
  custom:container-demuxer-webm: 4f35f7cbe854078d1ac9338744f61a02 -> 
  custom:scripting/monoscript/fileName/PinchGesture.cs: 7d5e173b279a221862e98effbe7c787e -> bd87c2706e999d6273c69ae4b74bfadc
  custom:scripting/monoscript/fileName/UIToggleButton.cs: 5095e016af486f645413da1a642e1426 -> 
  custom:scripting/monoscript/fileName/UserCalibrationExample.cs: 7293b40631adefa9cfce57b2bd84b42e -> 
  custom:scripting/monoscript/fileName/UserInterface.cs: c404b84a87fab6b92cbf30ec1ddf2354 -> 
  custom:scripting/monoscript/fileName/PlanePrefabExample.cs: 128ce1a6ebbac3de45205237b1ae67f9 -> 
  custom:scripting/monoscript/fileName/MeshingExample.cs: 7224f15a0afdd45fbee0549b127fcb6b -> 
  custom:scripting/monoscript/fileName/PlaneExample.cs: 74abc8c330aaa416622d3a94bb5c798c -> 
  custom:scripting/monoscript/fileName/PlaceFromCamera.cs: 9ebff91b7bcaa680ce9cad2d11109a66 -> 
  custom:framework-osx-AVFoundation: e770b220cccbd017edd2c1fefb359320 -> 
  custom:scripting/monoscript/fileName/GlobalDimmerExample.cs: 39dd0fc1ce726460c8763e5ed16342ad -> 
  custom:video-encoder-webm-vp8: eb34c28f22e8b96e1ab97ce403110664 -> 
  custom:scripting/monoscript/fileName/MarkerTrackingExample.cs: 7948a61d87c3d7f61665011ebfb69c65 -> 
  custom:scripting/monoscript/fileName/MeshingProjectile.cs: 86f7d4d3fc7b98dfb61141d40b8b94d2 -> 
  custom:scripting/monoscript/fileName/MeshTexturedWireframeAdapter.cs: 0c637dab126db5f63e7fbed79d0717f9 -> 
========================================================================
Received Import Request.
  Time since last request: 545.361689 seconds.
  path: Assets/MagicLeapUnityExamples/Assets/Prefabs/ML Rig (Hands).prefab
  artifactKey: Guid(99cc318e79273db4e92278c439794505) Importer(815301076,1909f56bfc062723c751e8b465ee728b)
Start importing Assets/MagicLeapUnityExamples/Assets/Prefabs/ML Rig (Hands).prefab using Guid(99cc318e79273db4e92278c439794505) Importer(815301076,1909f56bfc062723c751e8b465ee728b) [PhysX] Initialized MultithreadedTaskDispatcher with 16 workers.
 -> (artifact id: 'd5e68c8ecd23fa3f9a171b28c5674f61') in 0.072502 seconds
Number of updated asset objects reloaded before import = 0
Number of asset objects unloaded after import = 0
========================================================================
Received Import Request.
  Time since last request: 0.000215 seconds.
  path: Assets/MagicLeapUnityExamples/Assets/Prefabs/UserInterface.prefab
  artifactKey: Guid(e11acd7e824adcc43a4715c4f5daa2ba) Importer(815301076,1909f56bfc062723c751e8b465ee728b)
Start importing Assets/MagicLeapUnityExamples/Assets/Prefabs/UserInterface.prefab using Guid(e11acd7e824adcc43a4715c4f5daa2ba) Importer(815301076,1909f56bfc062723c751e8b465ee728b) [PhysX] Initialized MultithreadedTaskDispatcher with 16 workers.
 -> (artifact id: '514345dedf2e1b16dada3750f8cce09d') in 0.001919 seconds
Number of updated asset objects reloaded before import = 0
Number of asset objects unloaded after import = 0
========================================================================
Received Import Request.
  Time since last request: 0.000108 seconds.
  path: Assets/MagicLeapUnityExamples/Assets/Prefabs/UserInterface_headpose.prefab
  artifactKey: Guid(6906f74934047d24e9a47bbdd1afb57a) Importer(815301076,1909f56bfc062723c751e8b465ee728b)
Start importing Assets/MagicLeapUnityExamples/Assets/Prefabs/UserInterface_headpose.prefab using Guid(6906f74934047d24e9a47bbdd1afb57a) Importer(815301076,1909f56bfc062723c751e8b465ee728b) [PhysX] Initialized MultithreadedTaskDispatcher with 16 workers.
 -> (artifact id: 'cb2db48f731a8536d43819604a231c31') in 0.001303 seconds
Number of updated asset objects reloaded before import = 0
Number of asset objects unloaded after import = 0
========================================================================
Received Import Request.
  Time since last request: 0.000053 seconds.
  path: Assets/MagicLeapUnityExamples/Assets/Prefabs/PlanePrefabExample.prefab
  artifactKey: Guid(0e10e3657174ca74ea8719e5918cdaf3) Importer(815301076,1909f56bfc062723c751e8b465ee728b)
Start importing Assets/MagicLeapUnityExamples/Assets/Prefabs/PlanePrefabExample.prefab using Guid(0e10e3657174ca74ea8719e5918cdaf3) Importer(815301076,1909f56bfc062723c751e8b465ee728b) [PhysX] Initialized MultithreadedTaskDispatcher with 16 workers.
 -> (artifact id: '705ce7222ca3e0e635a661b527743a7b') in 0.001824 seconds
Number of updated asset objects reloaded before import = 0
Number of asset objects unloaded after import = 0
========================================================================
Received Import Request.
  Time since last request: 0.000057 seconds.
  path: Assets/MagicLeapUnityExamples/Assets/Prefabs/UISceneSelectionButton.prefab
  artifactKey: Guid(595bf53a41798c640b0eb12bcad31e51) Importer(815301076,1909f56bfc062723c751e8b465ee728b)
Start importing Assets/MagicLeapUnityExamples/Assets/Prefabs/UISceneSelectionButton.prefab using Guid(595bf53a41798c640b0eb12bcad31e51) Importer(815301076,1909f56bfc062723c751e8b465ee728b) [PhysX] Initialized MultithreadedTaskDispatcher with 16 workers.
 -> (artifact id: '8f9ac8c13c0206a175624cd32eb77040') in 0.002024 seconds
Number of updated asset objects reloaded before import = 0
Number of asset objects unloaded after import = 0
========================================================================
Received Import Request.
  Time since last request: 4.325355 seconds.
  path: Assets/MagicLeapUnityExamples/Assets/Prefabs/ML Rig (Hands).prefab
  artifactKey: Guid(99cc318e79273db4e92278c439794505) Importer(815301076,1909f56bfc062723c751e8b465ee728b)
Start importing Assets/MagicLeapUnityExamples/Assets/Prefabs/ML Rig (Hands).prefab using Guid(99cc318e79273db4e92278c439794505) Importer(815301076,1909f56bfc062723c751e8b465ee728b) [PhysX] Initialized MultithreadedTaskDispatcher with 16 workers.
 -> (artifact id: 'd5e68c8ecd23fa3f9a171b28c5674f61') in 0.001294 seconds
Number of updated asset objects reloaded before import = 0
Number of asset objects unloaded after import = 0
========================================================================
Received Import Request.
  Time since last request: 0.000210 seconds.
  path: Assets/MagicLeapUnityExamples/Assets/Prefabs/UserInterface.prefab
  artifactKey: Guid(e11acd7e824adcc43a4715c4f5daa2ba) Importer(815301076,1909f56bfc062723c751e8b465ee728b)
Start importing Assets/MagicLeapUnityExamples/Assets/Prefabs/UserInterface.prefab using Guid(e11acd7e824adcc43a4715c4f5daa2ba) Importer(815301076,1909f56bfc062723c751e8b465ee728b) [PhysX] Initialized MultithreadedTaskDispatcher with 16 workers.
 -> (artifact id: '514345dedf2e1b16dada3750f8cce09d') in 0.001073 seconds
Number of updated asset objects reloaded before import = 0
Number of asset objects unloaded after import = 0
========================================================================
Received Import Request.
  Time since last request: 0.000187 seconds.
  path: Assets/MagicLeapUnityExamples/Assets/Prefabs/MLSpatialMapper.prefab
  artifactKey: Guid(e8da6f8dd981541c38a76bb0a60a480e) Importer(815301076,1909f56bfc062723c751e8b465ee728b)
Start importing Assets/MagicLeapUnityExamples/Assets/Prefabs/MLSpatialMapper.prefab using Guid(e8da6f8dd981541c38a76bb0a60a480e) Importer(815301076,1909f56bfc062723c751e8b465ee728b) [PhysX] Initialized MultithreadedTaskDispatcher with 16 workers.
 -> (artifact id: 'd0f8ca1ee00750058c323a0d5fc4db8e') in 0.273090 seconds
Number of updated asset objects reloaded before import = 0
Number of asset objects unloaded after import = 10
========================================================================
Received Import Request.
  Time since last request: 54.943188 seconds.
  path: Assets/MagicLeapUnityExamples/Assets/Prefabs/ML Rig (Hands).prefab
  artifactKey: Guid(99cc318e79273db4e92278c439794505) Importer(815301076,1909f56bfc062723c751e8b465ee728b)
Start importing Assets/MagicLeapUnityExamples/Assets/Prefabs/ML Rig (Hands).prefab using Guid(99cc318e79273db4e92278c439794505) Importer(815301076,1909f56bfc062723c751e8b465ee728b) [PhysX] Initialized MultithreadedTaskDispatcher with 16 workers.
 -> (artifact id: 'd5e68c8ecd23fa3f9a171b28c5674f61') in 0.000616 seconds
Number of updated asset objects reloaded before import = 0
Number of asset objects unloaded after import = 0
========================================================================
Received Import Request.
  Time since last request: 0.000085 seconds.
  path: Assets/MagicLeapUnityExamples/Assets/Prefabs/UserInterface.prefab
  artifactKey: Guid(e11acd7e824adcc43a4715c4f5daa2ba) Importer(815301076,1909f56bfc062723c751e8b465ee728b)
Start importing Assets/MagicLeapUnityExamples/Assets/Prefabs/UserInterface.prefab using Guid(e11acd7e824adcc43a4715c4f5daa2ba) Importer(815301076,1909f56bfc062723c751e8b465ee728b) [PhysX] Initialized MultithreadedTaskDispatcher with 16 workers.
 -> (artifact id: '514345dedf2e1b16dada3750f8cce09d') in 0.001059 seconds
Number of updated asset objects reloaded before import = 0
Number of asset objects unloaded after import = 0
========================================================================
Received Import Request.
  Time since last request: 0.000093 seconds.
  path: Assets/MagicLeapUnityExamples/Assets/Prefabs/UserInterface_headpose.prefab
  artifactKey: Guid(6906f74934047d24e9a47bbdd1afb57a) Importer(815301076,1909f56bfc062723c751e8b465ee728b)
Start importing Assets/MagicLeapUnityExamples/Assets/Prefabs/UserInterface_headpose.prefab using Guid(6906f74934047d24e9a47bbdd1afb57a) Importer(815301076,1909f56bfc062723c751e8b465ee728b) [PhysX] Initialized MultithreadedTaskDispatcher with 16 workers.
 -> (artifact id: 'cb2db48f731a8536d43819604a231c31') in 0.000569 seconds
Number of updated asset objects reloaded before import = 0
Number of asset objects unloaded after import = 0
========================================================================
Received Import Request.
  Time since last request: 7.540359 seconds.
  path: Assets/MagicLeapUnityExamples/Assets/Prefabs/ML Rig (Hands).prefab
  artifactKey: Guid(99cc318e79273db4e92278c439794505) Importer(815301076,1909f56bfc062723c751e8b465ee728b)
Start importing Assets/MagicLeapUnityExamples/Assets/Prefabs/ML Rig (Hands).prefab using Guid(99cc318e79273db4e92278c439794505) Importer(815301076,1909f56bfc062723c751e8b465ee728b) [PhysX] Initialized MultithreadedTaskDispatcher with 16 workers.
 -> (artifact id: 'd5e68c8ecd23fa3f9a171b28c5674f61') in 0.000851 seconds
Number of updated asset objects reloaded before import = 0
Number of asset objects unloaded after import = 0
========================================================================
Received Import Request.
  Time since last request: 0.000099 seconds.
  path: Assets/MagicLeapUnityExamples/Assets/Prefabs/UserInterface_headpose.prefab
  artifactKey: Guid(6906f74934047d24e9a47bbdd1afb57a) Importer(815301076,1909f56bfc062723c751e8b465ee728b)
Start importing Assets/MagicLeapUnityExamples/Assets/Prefabs/UserInterface_headpose.prefab using Guid(6906f74934047d24e9a47bbdd1afb57a) Importer(815301076,1909f56bfc062723c751e8b465ee728b) [PhysX] Initialized MultithreadedTaskDispatcher with 16 workers.
 -> (artifact id: 'cb2db48f731a8536d43819604a231c31') in 0.000772 seconds
Number of updated asset objects reloaded before import = 0
Number of asset objects unloaded after import = 0
Editor requested this worker to shutdown with reason: Scaling down because of idle timeout
TcpMessagingSession - receive error: operation aborted. errorcode: 89, details: Operation aborted.
AssetImportWorker is now disconnected from the server
Process exiting
