Unity Editor version:    2022.3.48f1 (8bf49c377ebf)
Branch:                  2022.3/release
Build type:              Release
Batch mode:              YES
macOS version:           Version 14.2.1 (Build 23C71)
Darwin version:          23.2.0
Architecture:            x86_64
Running under Rosetta:   NO
Available memory:        16384 MB
Using pre-set license
Pro License: YES

COMMAND LINE ARGUMENTS:
/Applications/Unity/Hub/Editor/2022.3.48f1/Unity.app/Contents/MacOS/Unity
-adb2
-batchMode
-noUpm
-name
AssetImportWorker1
-projectPath
/Users/soroush/LDocuments/University/MSc/Term 3/MR/projects/mARble-run/mARble-run
-logFile
Logs/AssetImportWorker1.log
-srvPort
57862
Successfully changed project path to: /Users/soroush/LDocuments/University/MSc/Term 3/MR/projects/mARble-run/mARble-run
/Users/soroush/LDocuments/University/MSc/Term 3/MR/projects/mARble-run/mARble-run
[UnityMemory] Configuration Parameters - Can be set up in boot.config
    "memorysetup-bucket-allocator-granularity=16"
    "memorysetup-bucket-allocator-bucket-count=8"
    "memorysetup-bucket-allocator-block-size=33554432"
    "memorysetup-bucket-allocator-block-count=8"
    "memorysetup-main-allocator-block-size=16777216"
    "memorysetup-thread-allocator-block-size=16777216"
    "memorysetup-gfx-main-allocator-block-size=16777216"
    "memorysetup-gfx-thread-allocator-block-size=16777216"
    "memorysetup-cache-allocator-block-size=4194304"
    "memorysetup-typetree-allocator-block-size=2097152"
    "memorysetup-profiler-bucket-allocator-granularity=16"
    "memorysetup-profiler-bucket-allocator-bucket-count=8"
    "memorysetup-profiler-bucket-allocator-block-size=33554432"
    "memorysetup-profiler-bucket-allocator-block-count=8"
    "memorysetup-profiler-allocator-block-size=16777216"
    "memorysetup-profiler-editor-allocator-block-size=1048576"
    "memorysetup-temp-allocator-size-main=16777216"
    "memorysetup-job-temp-allocator-block-size=2097152"
    "memorysetup-job-temp-allocator-block-size-background=1048576"
    "memorysetup-job-temp-allocator-reduction-small-platforms=262144"
    "memorysetup-allocator-temp-initial-block-size-main=262144"
    "memorysetup-allocator-temp-initial-block-size-worker=262144"
    "memorysetup-temp-allocator-size-background-worker=32768"
    "memorysetup-temp-allocator-size-job-worker=262144"
    "memorysetup-temp-allocator-size-preload-manager=33554432"
    "memorysetup-temp-allocator-size-nav-mesh-worker=65536"
    "memorysetup-temp-allocator-size-audio-worker=65536"
    "memorysetup-temp-allocator-size-cloud-worker=32768"
    "memorysetup-temp-allocator-size-gi-baking-worker=262144"
    "memorysetup-temp-allocator-size-gfx=262144"
Player connection [140704273881984]  Target information:

Player connection [140704273881984]  * "[IP] 172.17.0.53 [Port] 0 [Flags] 2 [Guid] 1517651833 [EditorId] 1517651833 [Version] 1048832 [Id] OSXEditor(0,Soroushs-MacBook-Pro.local) [Debug] 1 [PackageName] OSXEditor [ProjectName] Editor" 

Player connection [140704273881984] Host joined multi-casting on [225.0.0.222:54997]...
Player connection [140704273881984] Host joined alternative multi-casting on [225.0.0.222:34997]...
[PhysX] Initialized MultithreadedTaskDispatcher with 16 workers.
Refreshing native plugins compatible for Editor in 81.27 ms, found 14 plugins.
Preloading 0 native plugins for Editor in 0.00 ms.
Initialize engine version: 2022.3.48f1 (8bf49c377ebf)
[Subsystems] Discovering subsystems at path /Applications/Unity/Hub/Editor/2022.3.48f1/Unity.app/Contents/Resources/UnitySubsystems
[Subsystems] Discovering subsystems at path /Users/soroush/LDocuments/University/MSc/Term 3/MR/projects/mARble-run/mARble-run/Assets
GfxDevice: creating device client; threaded=0; jobified=0
Color LCD preferred device: AMD Radeon Pro 560X (high power)
Metal devices available: 2
0: AMD Radeon Pro 560X (high power)
1: Intel(R) UHD Graphics 630 (low power)
Using device AMD Radeon Pro 560X (high power)
Initializing Metal device caps: AMD Radeon Pro 560X
Initialize mono
Mono path[0] = '/Applications/Unity/Hub/Editor/2022.3.48f1/Unity.app/Contents/Managed'
Mono path[1] = '/Applications/Unity/Hub/Editor/2022.3.48f1/Unity.app/Contents/MonoBleedingEdge/lib/mono/unityjit-macos'
Mono config path = '/Applications/Unity/Hub/Editor/2022.3.48f1/Unity.app/Contents/MonoBleedingEdge/etc'
Using monoOptions --debugger-agent=transport=dt_socket,embedding=1,server=y,suspend=n,address=127.0.0.1:56050
Begin MonoManager ReloadAssembly
Registering precompiled unity dll's ...
Register platform support module: /Applications/Unity/Hub/Editor/2022.3.48f1/PlaybackEngines/WebGLSupport/UnityEditor.WebGL.Extensions.dll
Register platform support module: /Applications/Unity/Hub/Editor/2022.3.48f1/Unity.app/Contents/PlaybackEngines/MacStandaloneSupport/UnityEditor.OSXStandalone.Extensions.dll
Register platform support module: /Applications/Unity/Hub/Editor/2022.3.48f1/PlaybackEngines/AndroidPlayer/UnityEditor.Android.Extensions.dll
Registered in 0.007122 seconds.
- Loaded All Assemblies, in  0.510 seconds
Native extension for Android target not found
Android Extension - Scanning For ADB Devices 133 ms
Native extension for OSXStandalone target not found
Native extension for WebGL target not found
Mono: successfully reloaded assembly
- Finished resetting the current domain, in  0.509 seconds
Domain Reload Profiling: 1019ms
	BeginReloadAssembly (154ms)
		ExecutionOrderSort (0ms)
		DisableScriptedObjects (0ms)
		BackupInstance (0ms)
		ReleaseScriptingObjects (0ms)
		CreateAndSetChildDomain (1ms)
	RebuildCommonClasses (64ms)
	RebuildNativeTypeToScriptingClass (18ms)
	initialDomainReloadingComplete (67ms)
	LoadAllAssembliesAndSetupDomain (205ms)
		LoadAssemblies (156ms)
		RebuildTransferFunctionScriptingTraits (0ms)
		AnalyzeDomain (201ms)
			TypeCache.Refresh (198ms)
				TypeCache.ScanAssembly (181ms)
			ScanForSourceGeneratedMonoScriptInfo (0ms)
			ResolveRequiredComponents (0ms)
	FinalizeReload (510ms)
		ReleaseScriptCaches (0ms)
		RebuildScriptCaches (0ms)
		SetupLoadedEditorAssemblies (452ms)
			LogAssemblyErrors (0ms)
			InitializePlatformSupportModulesInManaged (258ms)
			SetLoadedEditorAssemblies (4ms)
			RefreshPlugins (0ms)
			BeforeProcessingInitializeOnLoad (3ms)
			ProcessInitializeOnLoadAttributes (135ms)
			ProcessInitializeOnLoadMethodAttributes (52ms)
			AfterProcessingInitializeOnLoad (0ms)
			EditorAssembliesLoaded (0ms)
		ExecutionOrderSort2 (0ms)
		AwakeInstancesAfterBackupRestoration (0ms)
========================================================================
Worker process is ready to serve import requests
Caller must complete domain reload
Begin MonoManager ReloadAssembly
- Loaded All Assemblies, in  1.443 seconds
Native extension for Android target not found
Native extension for OSXStandalone target not found
Native extension for WebGL target not found
Package Manager log level set to [2]
[Package Manager] Server::EnsureServerProcessIsRunning -- launch failed, reason: Unity was launched with the -noUpm command-line argument
[Package Manager] UpmClient::Send -- Unable to send message (not connected to UPM process).
[Package Manager] Cannot connect to Unity Package Manager local server
[Package Manager] Server::EnsureServerProcessIsRunning -- launch failed, reason: Unity was launched with the -noUpm command-line argument
[Package Manager] UpmClient::Send -- Unable to send message (not connected to UPM process).
[Package Manager] Cannot connect to Unity Package Manager local server
[Package Manager] Server::EnsureServerProcessIsRunning -- launch failed, reason: Unity was launched with the -noUpm command-line argument
[Package Manager] UpmClient::Send -- Unable to send message (not connected to UPM process).
[Package Manager] Cannot connect to Unity Package Manager local server
Mono: successfully reloaded assembly
[Package Manager] Server::EnsureServerProcessIsRunning -- launch failed, reason: Unity was launched with the -noUpm command-line argument
[Package Manager] UpmClient::Send -- Unable to send message (not connected to UPM process).
[Package Manager] Cannot connect to Unity Package Manager local server
[Package Manager] Server::EnsureServerProcessIsRunning -- launch failed, reason: Unity was launched with the -noUpm command-line argument
[Package Manager] UpmClient::Send -- Unable to send message (not connected to UPM process).
[Package Manager] Cannot connect to Unity Package Manager local server
- Finished resetting the current domain, in  1.396 seconds
Domain Reload Profiling: 2840ms
	BeginReloadAssembly (183ms)
		ExecutionOrderSort (0ms)
		DisableScriptedObjects (9ms)
		BackupInstance (0ms)
		ReleaseScriptingObjects (0ms)
		CreateAndSetChildDomain (39ms)
	RebuildCommonClasses (47ms)
	RebuildNativeTypeToScriptingClass (15ms)
	initialDomainReloadingComplete (50ms)
	LoadAllAssembliesAndSetupDomain (1148ms)
		LoadAssemblies (675ms)
		RebuildTransferFunctionScriptingTraits (0ms)
		AnalyzeDomain (555ms)
			TypeCache.Refresh (455ms)
				TypeCache.ScanAssembly (418ms)
			ScanForSourceGeneratedMonoScriptInfo (59ms)
			ResolveRequiredComponents (36ms)
	FinalizeReload (1396ms)
		ReleaseScriptCaches (0ms)
		RebuildScriptCaches (0ms)
		SetupLoadedEditorAssemblies (1063ms)
			LogAssemblyErrors (0ms)
			InitializePlatformSupportModulesInManaged (20ms)
			SetLoadedEditorAssemblies (6ms)
			RefreshPlugins (0ms)
			BeforeProcessingInitializeOnLoad (117ms)
			ProcessInitializeOnLoadAttributes (660ms)
			ProcessInitializeOnLoadMethodAttributes (259ms)
			AfterProcessingInitializeOnLoad (1ms)
			EditorAssembliesLoaded (1ms)
		ExecutionOrderSort2 (0ms)
		AwakeInstancesAfterBackupRestoration (3ms)
Launching external process: /Applications/Unity/Hub/Editor/2022.3.48f1/Unity.app/Contents/Tools/UnityShaderCompiler
Launched and connected shader compiler UnityShaderCompiler after 0.08 seconds
Refreshing native plugins compatible for Editor in 9.25 ms, found 14 plugins.
Preloading 0 native plugins for Editor in 0.00 ms.
Unloading 9165 Unused Serialized files (Serialized files now loaded: 0)
Unloading 156 unused Assets / (4.2 MB). Loaded Objects now: 9641.
Memory consumption went from 345.1 MB to 340.8 MB.
Total: 7.903981 ms (FindLiveObjects: 0.648165 ms CreateObjectMapping: 0.715056 ms MarkObjects: 4.567039 ms  DeleteObjects: 1.972795 ms)

AssetImportParameters requested are different than current active one (requested -> active):
  custom:container-demuxer-ogg: 62fdf1f143b41e24485cea50d1cbac27 -> 
  custom:container-muxer-webm: aa71ff27fc2769a1b78a27578f13a17b -> 
  custom:video-decoder-webm-vp8: 9c59270c3fd7afecdb556c50c9e8de78 -> 
  custom:SearchIndexIgnoredProperties: e643bd26f0fe6173181afceb89e7c659 -> 
  custom:AudioImporter_EditorPlatform: 3918e3fc78b5a79bad01e8451be0beb8 -> 
  custom:audio-decoder-ogg-vorbis: bf7c407c2cedff20999df2af8eb42d56 -> 
  custom:audio-encoder-webm-vorbis: bf7c407c2cedff20999df2af8eb42d56 -> 
  custom:video-decoder-ogg-theora: a1e56fd34408186e4bbccfd4996cb3dc -> 
  custom:CustomObjectIndexerAttribute: 3ead1caaecf1c488f20bcfeb224b6af5 -> 
  custom:container-demuxer-webm: 4f35f7cbe854078d1ac9338744f61a02 -> 
  custom:framework-osx-AVFoundation: e770b220cccbd017edd2c1fefb359320 -> 
  custom:video-encoder-webm-vp8: eb34c28f22e8b96e1ab97ce403110664 -> 
========================================================================
Received Prepare
Refreshing native plugins compatible for Editor in 10.87 ms, found 14 plugins.
Preloading 0 native plugins for Editor in 0.00 ms.
Unloading 23 Unused Serialized files (Serialized files now loaded: 0)
Unloading 23 unused Assets / (4.1 MB). Loaded Objects now: 9641.
Memory consumption went from 155.1 MB to 151.0 MB.
Total: 8.267761 ms (FindLiveObjects: 0.685970 ms CreateObjectMapping: 1.230950 ms MarkObjects: 4.865269 ms  DeleteObjects: 1.484781 ms)

Prepare: number of updated asset objects reloaded= 0
AssetImportParameters requested are different than current active one (requested -> active):
  custom:container-demuxer-ogg: 62fdf1f143b41e24485cea50d1cbac27 -> 
  custom:container-muxer-webm: aa71ff27fc2769a1b78a27578f13a17b -> 
  custom:video-decoder-webm-vp8: 9c59270c3fd7afecdb556c50c9e8de78 -> 
  custom:SearchIndexIgnoredProperties: e643bd26f0fe6173181afceb89e7c659 -> 
  custom:AudioImporter_EditorPlatform: 3918e3fc78b5a79bad01e8451be0beb8 -> 
  custom:audio-decoder-ogg-vorbis: bf7c407c2cedff20999df2af8eb42d56 -> 
  custom:audio-encoder-webm-vorbis: bf7c407c2cedff20999df2af8eb42d56 -> 
  custom:video-decoder-ogg-theora: a1e56fd34408186e4bbccfd4996cb3dc -> 
  custom:CustomObjectIndexerAttribute: 3ead1caaecf1c488f20bcfeb224b6af5 -> 
  custom:container-demuxer-webm: 4f35f7cbe854078d1ac9338744f61a02 -> 
  custom:framework-osx-AVFoundation: e770b220cccbd017edd2c1fefb359320 -> 
  custom:video-encoder-webm-vp8: eb34c28f22e8b96e1ab97ce403110664 -> 
========================================================================
Received Prepare
Refreshing native plugins compatible for Editor in 12.02 ms, found 14 plugins.
Preloading 0 native plugins for Editor in 0.00 ms.
Unloading 23 Unused Serialized files (Serialized files now loaded: 0)
Unloading 23 unused Assets / (4.1 MB). Loaded Objects now: 9641.
Memory consumption went from 151.9 MB to 147.9 MB.
Total: 7.853664 ms (FindLiveObjects: 0.699400 ms CreateObjectMapping: 0.830474 ms MarkObjects: 4.587102 ms  DeleteObjects: 1.735764 ms)

Prepare: number of updated asset objects reloaded= 0
AssetImportParameters requested are different than current active one (requested -> active):
  custom:container-demuxer-ogg: 62fdf1f143b41e24485cea50d1cbac27 -> 
  custom:container-muxer-webm: aa71ff27fc2769a1b78a27578f13a17b -> 
  custom:video-decoder-webm-vp8: 9c59270c3fd7afecdb556c50c9e8de78 -> 
  custom:SearchIndexIgnoredProperties: e643bd26f0fe6173181afceb89e7c659 -> 
  custom:AudioImporter_EditorPlatform: 3918e3fc78b5a79bad01e8451be0beb8 -> 
  custom:audio-decoder-ogg-vorbis: bf7c407c2cedff20999df2af8eb42d56 -> 
  custom:audio-encoder-webm-vorbis: bf7c407c2cedff20999df2af8eb42d56 -> 
  custom:video-decoder-ogg-theora: a1e56fd34408186e4bbccfd4996cb3dc -> 
  custom:CustomObjectIndexerAttribute: 3ead1caaecf1c488f20bcfeb224b6af5 -> 
  custom:container-demuxer-webm: 4f35f7cbe854078d1ac9338744f61a02 -> 
  custom:framework-osx-AVFoundation: e770b220cccbd017edd2c1fefb359320 -> 
  custom:video-encoder-webm-vp8: eb34c28f22e8b96e1ab97ce403110664 -> 
========================================================================
Received Import Request.
  Time since last request: 8119.480058 seconds.
  path: Assets/MagicLeapUnityExamples/Assets/MagicLeapSettings.asset
  artifactKey: Guid(d48992c333f4148818589d1595c4ff62) Importer(815301076,1909f56bfc062723c751e8b465ee728b)
Start importing Assets/MagicLeapUnityExamples/Assets/MagicLeapSettings.asset using Guid(d48992c333f4148818589d1595c4ff62) Importer(815301076,1909f56bfc062723c751e8b465ee728b) [PhysX] Initialized MultithreadedTaskDispatcher with 16 workers.
 -> (artifact id: '51cefef4f3ba38bb7656adb27da16540') in 0.244028 seconds
Number of updated asset objects reloaded before import = 0
Number of asset objects unloaded after import = 1
========================================================================
Received Import Request.
  Time since last request: 7.673978 seconds.
  path: Assets/MagicLeapUnityExamples/ProjectSettings/ClusterInputManager.asset
  artifactKey: Guid(fd1d954b8ca3d4c03ab326aa5a590dcc) Importer(815301076,1909f56bfc062723c751e8b465ee728b)
Start importing Assets/MagicLeapUnityExamples/ProjectSettings/ClusterInputManager.asset using Guid(fd1d954b8ca3d4c03ab326aa5a590dcc) Importer(815301076,1909f56bfc062723c751e8b465ee728b) [PhysX] Initialized MultithreadedTaskDispatcher with 16 workers.
 -> (artifact id: '430d0d67b0f6a18fdef10cf098696c6b') in 0.004473 seconds
Number of updated asset objects reloaded before import = 0
Number of asset objects unloaded after import = 0
========================================================================
Received Import Request.
  Time since last request: 0.000081 seconds.
  path: Assets/MagicLeapUnityExamples/ProjectSettings/UnityConnectSettings.asset
  artifactKey: Guid(0695e4519dca5471786d0f6950bf728d) Importer(815301076,1909f56bfc062723c751e8b465ee728b)
Start importing Assets/MagicLeapUnityExamples/ProjectSettings/UnityConnectSettings.asset using Guid(0695e4519dca5471786d0f6950bf728d) Importer(815301076,1909f56bfc062723c751e8b465ee728b) [PhysX] Initialized MultithreadedTaskDispatcher with 16 workers.
 -> (artifact id: '432d02890a41cd2ede504f510f94f5f4') in 0.001442 seconds
Number of updated asset objects reloaded before import = 0
Number of asset objects unloaded after import = 0
========================================================================
Received Import Request.
  Time since last request: 0.000112 seconds.
  path: Assets/MagicLeapUnityExamples/ProjectSettings/URPProjectSettings.asset
  artifactKey: Guid(b33c445329dd54bafac8609ed1790f83) Importer(815301076,1909f56bfc062723c751e8b465ee728b)
Start importing Assets/MagicLeapUnityExamples/ProjectSettings/URPProjectSettings.asset using Guid(b33c445329dd54bafac8609ed1790f83) Importer(815301076,1909f56bfc062723c751e8b465ee728b) [PhysX] Initialized MultithreadedTaskDispatcher with 16 workers.
 -> (artifact id: 'fea1085d6311a1062394ec24a1a7fea3') in 0.001597 seconds
Number of updated asset objects reloaded before import = 0
Number of asset objects unloaded after import = 0
========================================================================
Received Import Request.
  Time since last request: 0.000101 seconds.
  path: Assets/MagicLeapUnityExamples/ProjectSettings/MemorySettings.asset
  artifactKey: Guid(e863605a709ed4a5cbd1836e5ca137ce) Importer(815301076,1909f56bfc062723c751e8b465ee728b)
Start importing Assets/MagicLeapUnityExamples/ProjectSettings/MemorySettings.asset using Guid(e863605a709ed4a5cbd1836e5ca137ce) Importer(815301076,1909f56bfc062723c751e8b465ee728b) [PhysX] Initialized MultithreadedTaskDispatcher with 16 workers.
 -> (artifact id: 'a1ba0b6ee32e21464784c0c22b5ccd72') in 0.001322 seconds
Number of updated asset objects reloaded before import = 0
Number of asset objects unloaded after import = 0
========================================================================
Received Import Request.
  Time since last request: 0.000075 seconds.
  path: Assets/MagicLeapUnityExamples/ProjectSettings/VersionControlSettings.asset
  artifactKey: Guid(0599ee873074b4d4eb96e5720a2a734e) Importer(815301076,1909f56bfc062723c751e8b465ee728b)
Start importing Assets/MagicLeapUnityExamples/ProjectSettings/VersionControlSettings.asset using Guid(0599ee873074b4d4eb96e5720a2a734e) Importer(815301076,1909f56bfc062723c751e8b465ee728b) [PhysX] Initialized MultithreadedTaskDispatcher with 16 workers.
 -> (artifact id: '674725365cfd029dbe7ad71312f02439') in 0.002830 seconds
Number of updated asset objects reloaded before import = 0
Number of asset objects unloaded after import = 0
========================================================================
Received Import Request.
  Time since last request: 0.000067 seconds.
  path: Assets/MagicLeapUnityExamples/ProjectSettings/TimeManager.asset
  artifactKey: Guid(3d9cd429d7c8743fc9bc7f929f84db54) Importer(815301076,1909f56bfc062723c751e8b465ee728b)
Start importing Assets/MagicLeapUnityExamples/ProjectSettings/TimeManager.asset using Guid(3d9cd429d7c8743fc9bc7f929f84db54) Importer(815301076,1909f56bfc062723c751e8b465ee728b) [PhysX] Initialized MultithreadedTaskDispatcher with 16 workers.
 -> (artifact id: 'd6bbd5cdb9819f0d1f39b43f5f1c8d24') in 0.000967 seconds
Number of updated asset objects reloaded before import = 0
Number of asset objects unloaded after import = 0
========================================================================
Received Import Request.
  Time since last request: 0.000107 seconds.
  path: Assets/MagicLeapUnityExamples/ProjectSettings/ProjectSettings.asset
  artifactKey: Guid(317f1304c23284bf394ee8ab879f499f) Importer(815301076,1909f56bfc062723c751e8b465ee728b)
Start importing Assets/MagicLeapUnityExamples/ProjectSettings/ProjectSettings.asset using Guid(317f1304c23284bf394ee8ab879f499f) Importer(815301076,1909f56bfc062723c751e8b465ee728b) [PhysX] Initialized MultithreadedTaskDispatcher with 16 workers.
 -> (artifact id: 'b6820b41212a2588171a4d33df7d0aac') in 0.001101 seconds
Number of updated asset objects reloaded before import = 0
Number of asset objects unloaded after import = 0
========================================================================
Received Import Request.
  Time since last request: 0.000267 seconds.
  path: Assets/MagicLeapUnityExamples/ProjectSettings/XRSettings.asset
  artifactKey: Guid(66fceb68e41c145e2bab6c267d5e1ebd) Importer(815301076,1909f56bfc062723c751e8b465ee728b)
Start importing Assets/MagicLeapUnityExamples/ProjectSettings/XRSettings.asset using Guid(66fceb68e41c145e2bab6c267d5e1ebd) Importer(815301076,1909f56bfc062723c751e8b465ee728b) [PhysX] Initialized MultithreadedTaskDispatcher with 16 workers.
Failed to load '/Users/soroush/LDocuments/University/MSc/Term 3/MR/projects/mARble-run/mARble-run/Assets/MagicLeapUnityExamples/ProjectSettings/XRSettings.asset'. File may be corrupted or was serialized with a newer version of Unity.
 -> (artifact id: '50e01dda478e5c7d7323c898e324f914') in 0.002307 seconds
Number of updated asset objects reloaded before import = 0
Number of asset objects unloaded after import = 0
========================================================================
Received Import Request.
  Time since last request: 0.000126 seconds.
  path: Assets/MagicLeapUnityExamples/ProjectSettings/DynamicsManager.asset
  artifactKey: Guid(4484c35c1b3154874b775888b8a43ae8) Importer(815301076,1909f56bfc062723c751e8b465ee728b)
Start importing Assets/MagicLeapUnityExamples/ProjectSettings/DynamicsManager.asset using Guid(4484c35c1b3154874b775888b8a43ae8) Importer(815301076,1909f56bfc062723c751e8b465ee728b) [PhysX] Initialized MultithreadedTaskDispatcher with 16 workers.
 -> (artifact id: '8bbf902eee709c64b9d57c9106bf1628') in 0.001203 seconds
Number of updated asset objects reloaded before import = 0
Number of asset objects unloaded after import = 0
========================================================================
Received Import Request.
  Time since last request: 0.000064 seconds.
  path: Assets/MagicLeapUnityExamples/ProjectSettings/EditorBuildSettings.asset
  artifactKey: Guid(44287675637194f36b01768768b8b2e7) Importer(815301076,1909f56bfc062723c751e8b465ee728b)
Start importing Assets/MagicLeapUnityExamples/ProjectSettings/EditorBuildSettings.asset using Guid(44287675637194f36b01768768b8b2e7) Importer(815301076,1909f56bfc062723c751e8b465ee728b) [PhysX] Initialized MultithreadedTaskDispatcher with 16 workers.
 -> (artifact id: 'e6a4d193e7f0a0c85d069c90e3c3c2ba') in 0.001114 seconds
Number of updated asset objects reloaded before import = 0
Number of asset objects unloaded after import = 0
========================================================================
Received Import Request.
  Time since last request: 0.000061 seconds.
  path: Assets/MagicLeapUnityExamples/ProjectSettings/GraphicsSettings.asset
  artifactKey: Guid(e59123f5042b1455cab51cccbfe7fad9) Importer(815301076,1909f56bfc062723c751e8b465ee728b)
Start importing Assets/MagicLeapUnityExamples/ProjectSettings/GraphicsSettings.asset using Guid(e59123f5042b1455cab51cccbfe7fad9) Importer(815301076,1909f56bfc062723c751e8b465ee728b) [PhysX] Initialized MultithreadedTaskDispatcher with 16 workers.
 -> (artifact id: '55bbf4543cb7bee637495bb3c00911b7') in 0.002276 seconds
Number of updated asset objects reloaded before import = 0
Number of asset objects unloaded after import = 0
========================================================================
Received Import Request.
  Time since last request: 4.109326 seconds.
  path: Assets/MagicLeapUnityExamples/Assets/Settings/URP_Renderer.asset
  artifactKey: Guid(423ad716d39c24547a24ced87b16963e) Importer(815301076,1909f56bfc062723c751e8b465ee728b)
Start importing Assets/MagicLeapUnityExamples/Assets/Settings/URP_Renderer.asset using Guid(423ad716d39c24547a24ced87b16963e) Importer(815301076,1909f56bfc062723c751e8b465ee728b) [PhysX] Initialized MultithreadedTaskDispatcher with 16 workers.
 -> (artifact id: '92d906bbb5b648a9468c3d7e14311aa7') in 0.023150 seconds
Number of updated asset objects reloaded before import = 0
Number of asset objects unloaded after import = 1
========================================================================
Received Import Request.
  Time since last request: 1.345568 seconds.
  path: Assets/MagicLeapUnityExamples/Assets/Fonts/LominoUI_A_BdIt.ttf
  artifactKey: Guid(1e71f539decd80f4bb2541c46a153223) Importer(815301076,1909f56bfc062723c751e8b465ee728b)
Start importing Assets/MagicLeapUnityExamples/Assets/Fonts/LominoUI_A_BdIt.ttf using Guid(1e71f539decd80f4bb2541c46a153223) Importer(815301076,1909f56bfc062723c751e8b465ee728b) [PhysX] Initialized MultithreadedTaskDispatcher with 16 workers.
[PhysX] Initialized MultithreadedTaskDispatcher with 16 workers.
[PhysX] Initialized MultithreadedTaskDispatcher with 16 workers.
 -> (artifact id: '49fa63ec4e47eaaa065410a850283687') in 1.173067 seconds
Number of updated asset objects reloaded before import = 0
Number of asset objects unloaded after import = 23
========================================================================
Received Import Request.
  Time since last request: 2.352404 seconds.
  path: Assets/MagicLeapUnityExamples/Assets/Models/LeftHand.fbx
  artifactKey: Guid(bf7151579c38e2a44be94ba8773876c1) Importer(815301076,1909f56bfc062723c751e8b465ee728b)
Start importing Assets/MagicLeapUnityExamples/Assets/Models/LeftHand.fbx using Guid(bf7151579c38e2a44be94ba8773876c1) Importer(815301076,1909f56bfc062723c751e8b465ee728b) [PhysX] Initialized MultithreadedTaskDispatcher with 16 workers.
[PhysX] Initialized MultithreadedTaskDispatcher with 16 workers.
[PhysX] Initialized MultithreadedTaskDispatcher with 16 workers.
[PhysX] Initialized MultithreadedTaskDispatcher with 16 workers.
 -> (artifact id: '67f137e370f510ff8d7c19d017f0882e') in 0.196324 seconds
Number of updated asset objects reloaded before import = 0
Number of asset objects unloaded after import = 61
========================================================================
Received Import Request.
  Time since last request: 0.000076 seconds.
  path: Assets/MagicLeapUnityExamples/Assets/Models/RightHand.fbx
  artifactKey: Guid(56186ccf27ad7864681108ed88349071) Importer(815301076,1909f56bfc062723c751e8b465ee728b)
Start importing Assets/MagicLeapUnityExamples/Assets/Models/RightHand.fbx using Guid(56186ccf27ad7864681108ed88349071) Importer(815301076,1909f56bfc062723c751e8b465ee728b) [PhysX] Initialized MultithreadedTaskDispatcher with 16 workers.
[PhysX] Initialized MultithreadedTaskDispatcher with 16 workers.
[PhysX] Initialized MultithreadedTaskDispatcher with 16 workers.
[PhysX] Initialized MultithreadedTaskDispatcher with 16 workers.
 -> (artifact id: '4033528ab30f3627654734d241d678b9') in 0.060865 seconds
Number of updated asset objects reloaded before import = 0
Number of asset objects unloaded after import = 61
========================================================================
Received Import Request.
  Time since last request: 0.694836 seconds.
  path: Assets/MagicLeapUnityExamples/Assets/Prefabs/ML Rig.prefab
  artifactKey: Guid(fd8105087379f4dc48f6b69d67619d68) Importer(815301076,1909f56bfc062723c751e8b465ee728b)
Start importing Assets/MagicLeapUnityExamples/Assets/Prefabs/ML Rig.prefab using Guid(fd8105087379f4dc48f6b69d67619d68) Importer(815301076,1909f56bfc062723c751e8b465ee728b) [PhysX] Initialized MultithreadedTaskDispatcher with 16 workers.
[PhysX] Initialized MultithreadedTaskDispatcher with 16 workers.
 -> (artifact id: '8e3c3e189de400e8f049e0a9c90bf4a6') in 0.074168 seconds
Number of updated asset objects reloaded before import = 0
Number of asset objects unloaded after import = 38
========================================================================
Received Import Request.
  Time since last request: 0.000091 seconds.
  path: Assets/MagicLeapUnityExamples/Assets/Prefabs/UserInterface.prefab
  artifactKey: Guid(e11acd7e824adcc43a4715c4f5daa2ba) Importer(815301076,1909f56bfc062723c751e8b465ee728b)
Start importing Assets/MagicLeapUnityExamples/Assets/Prefabs/UserInterface.prefab using Guid(e11acd7e824adcc43a4715c4f5daa2ba) Importer(815301076,1909f56bfc062723c751e8b465ee728b) [PhysX] Initialized MultithreadedTaskDispatcher with 16 workers.
 -> (artifact id: '7737b0c19529f34f6f916e1f9460e4ab') in 0.072007 seconds
Number of updated asset objects reloaded before import = 0
Number of asset objects unloaded after import = 896
========================================================================
Received Import Request.
  Time since last request: 0.000080 seconds.
  path: Assets/MagicLeapUnityExamples/Assets/Prefabs/UserInterface_TextEntry.prefab
  artifactKey: Guid(8fce303e6d0a7a64ea0d22b711dade57) Importer(815301076,1909f56bfc062723c751e8b465ee728b)
Start importing Assets/MagicLeapUnityExamples/Assets/Prefabs/UserInterface_TextEntry.prefab using Guid(8fce303e6d0a7a64ea0d22b711dade57) Importer(815301076,1909f56bfc062723c751e8b465ee728b) [PhysX] Initialized MultithreadedTaskDispatcher with 16 workers.
 -> (artifact id: 'ffa9054f0e97a74955eae17c77ba7a0e') in 0.003273 seconds
Number of updated asset objects reloaded before import = 0
Number of asset objects unloaded after import = 8
========================================================================
Received Import Request.
  Time since last request: 0.000103 seconds.
  path: Assets/MagicLeapUnityExamples/Assets/Prefabs/UserInterface_headpose.prefab
  artifactKey: Guid(6906f74934047d24e9a47bbdd1afb57a) Importer(815301076,1909f56bfc062723c751e8b465ee728b)
Start importing Assets/MagicLeapUnityExamples/Assets/Prefabs/UserInterface_headpose.prefab using Guid(6906f74934047d24e9a47bbdd1afb57a) Importer(815301076,1909f56bfc062723c751e8b465ee728b) [PhysX] Initialized MultithreadedTaskDispatcher with 16 workers.
[PhysX] Initialized MultithreadedTaskDispatcher with 16 workers.
 -> (artifact id: 'aaf2052d76a5b3b1593b13da51e26576') in 0.078438 seconds
Number of updated asset objects reloaded before import = 0
Number of asset objects unloaded after import = 917
========================================================================
Received Import Request.
  Time since last request: 0.000090 seconds.
  path: Assets/MagicLeapUnityExamples/Assets/Prefabs/PlanePrefabExample.prefab
  artifactKey: Guid(0e10e3657174ca74ea8719e5918cdaf3) Importer(815301076,1909f56bfc062723c751e8b465ee728b)
Start importing Assets/MagicLeapUnityExamples/Assets/Prefabs/PlanePrefabExample.prefab using Guid(0e10e3657174ca74ea8719e5918cdaf3) Importer(815301076,1909f56bfc062723c751e8b465ee728b) [PhysX] Initialized MultithreadedTaskDispatcher with 16 workers.
[PhysX] Initialized MultithreadedTaskDispatcher with 16 workers.
 -> (artifact id: 'eb7d07d6822fbfbc4dd1d26cfbc988bd') in 0.013355 seconds
Number of updated asset objects reloaded before import = 0
Number of asset objects unloaded after import = 15
========================================================================
Received Import Request.
  Time since last request: 0.000073 seconds.
  path: Assets/MagicLeapUnityExamples/Assets/Prefabs/ML Rig (Hands).prefab
  artifactKey: Guid(99cc318e79273db4e92278c439794505) Importer(815301076,1909f56bfc062723c751e8b465ee728b)
Start importing Assets/MagicLeapUnityExamples/Assets/Prefabs/ML Rig (Hands).prefab using Guid(99cc318e79273db4e92278c439794505) Importer(815301076,1909f56bfc062723c751e8b465ee728b) [PhysX] Initialized MultithreadedTaskDispatcher with 16 workers.
[PhysX] Initialized MultithreadedTaskDispatcher with 16 workers.
 -> (artifact id: '775b27849c1baf315af1b305844780f7') in 0.461332 seconds
Number of updated asset objects reloaded before import = 0
Number of asset objects unloaded after import = 430
========================================================================
Received Import Request.
  Time since last request: 28.417911 seconds.
  path: Assets/MagicLeapUnityExamples/Assets/Prefabs/Meshing/MeshPrefab.prefab
  artifactKey: Guid(d5a32c043f3d36143a98c673c271573a) Importer(815301076,1909f56bfc062723c751e8b465ee728b)
Start importing Assets/MagicLeapUnityExamples/Assets/Prefabs/Meshing/MeshPrefab.prefab using Guid(d5a32c043f3d36143a98c673c271573a) Importer(815301076,1909f56bfc062723c751e8b465ee728b) [PhysX] Initialized MultithreadedTaskDispatcher with 16 workers.
 -> (artifact id: '4a86b4ca46658117a3f5f80a73a8ae39') in 0.002358 seconds
Number of updated asset objects reloaded before import = 0
Number of asset objects unloaded after import = 7
========================================================================
Received Import Request.
  Time since last request: 0.000066 seconds.
  path: Assets/MagicLeapUnityExamples/Assets/Prefabs/Meshing/WireframeMeshPrefab.prefab
  artifactKey: Guid(325f6e6feaccd47449b3c7e810321b91) Importer(815301076,1909f56bfc062723c751e8b465ee728b)
Start importing Assets/MagicLeapUnityExamples/Assets/Prefabs/Meshing/WireframeMeshPrefab.prefab using Guid(325f6e6feaccd47449b3c7e810321b91) Importer(815301076,1909f56bfc062723c751e8b465ee728b) [PhysX] Initialized MultithreadedTaskDispatcher with 16 workers.
 -> (artifact id: '224f98b7c7c6cb181c35b2593f015ac2') in 0.002525 seconds
Number of updated asset objects reloaded before import = 0
Number of asset objects unloaded after import = 7
Editor requested this worker to shutdown with reason: Scaling down because of idle timeout
TcpMessagingSession - receive error: operation aborted. errorcode: 89, details: Operation aborted.
AssetImportWorker is now disconnected from the server
Process exiting
